<?xml version="1.0" encoding="UTF-8"?>
<!-- Generated by org.testng.reporters.JUnitReportReporter -->
<testsuite hostname="AdrianaPC" failures="0" tests="1" name="test.AddCategoryDisplayTest" time="1.574" errors="0" timestamp="09 Oct 2022 09:21:07 GMT" skipped="0">
  <testcase classname="test.AddCategoryDisplayTest" name="whenUserAddsNewCategoryItShouldBeDisplayed" time="1.574"/>
</testsuite> <!-- test.AddCategoryDisplayTest -->
