<?xml version="1.0" encoding="UTF-8"?>
<!-- Generated by org.testng.reporters.JUnitReportReporter -->
<testsuite hostname="AdrianaPC" failures="0" tests="3" name="test.TestCase" time="54.709" errors="0" timestamp="2022-10-13T11:30:19 CDT" skipped="0">
  <testcase classname="test.TestCase" name="userShouldBeAbleToAddACategory" time="27.961"/>
  <system-out/>
  <testcase classname="test.TestCase" name="userShouldNotBeAbleToAddADuplicatedCategory" time="22.201"/>
  <system-out/>
  <testcase classname="test.TestCase" name="dropdownListShouldHaveAllMonths" time="4.547"/>
  <system-out/>
</testsuite> <!-- test.TestCase -->
