<?xml version="1.0" encoding="UTF-8"?>
<!-- Generated by org.testng.reporters.JUnitReportReporter -->
<testsuite hostname="AdrianaPC" failures="0" tests="1" name="test.AddCategoryTest" time="22049.203" errors="1" timestamp="09 Oct 2022 23:14:38 GMT" skipped="0">
  <testcase classname="test.AddCategoryTest" name="whenUserAddsNewCategoryItShouldBeDisplayed" time="22049.203">
    <error message="disconnected: Unable to receive message from renderer
  (failed to check if window was closed: disconnected: Unable to receive message from renderer)
  (Session info: chrome=106.0.5249.91)
Build info: version: &#039;3.141.59&#039;, revision: &#039;e82be7d358&#039;, time: &#039;2018-11-14T08:17:03&#039;
System info: host: &#039;ADRIANAPC&#039;, ip: &#039;10.76.1.73&#039;, os.name: &#039;Windows 11&#039;, os.arch: &#039;amd64&#039;, os.version: &#039;10.0&#039;, java.version: &#039;17.0.2&#039;
Driver info: org.openqa.selenium.chrome.ChromeDriver
Capabilities {acceptInsecureCerts: false, browserName: chrome, browserVersion: 106.0.5249.91, chrome: {chromedriverVersion: 106.0.5249.61 (511755355844..., userDataDir: C:\Users\adria\AppData\Loca...}, goog:chromeOptions: {debuggerAddress: localhost:53915}, javascriptEnabled: true, networkConnectionEnabled: false, pageLoadStrategy: normal, platform: WINDOWS, platformName: WINDOWS, proxy: Proxy(), setWindowRect: true, strictFileInteractability: false, timeouts: {implicit: 0, pageLoad: 300000, script: 30000}, unhandledPromptBehavior: dismiss and notify, webauthn:extension:credBlob: true, webauthn:extension:largeBlob: true, webauthn:virtualAuthenticators: true}
Session ID: 39b184bfe3719db12b34e45bb1e87941
*** Element info: {Using=xpath, value=/html/body/div[3]/a[471]/span}" type="org.openqa.selenium.WebDriverException">
      <![CDATA[org.openqa.selenium.WebDriverException: disconnected: Unable to receive message from renderer
  (failed to check if window was closed: disconnected: Unable to receive message from renderer)
  (Session info: chrome=106.0.5249.91)
Build info: version: '3.141.59', revision: 'e82be7d358', time: '2018-11-14T08:17:03'
System info: host: 'ADRIANAPC', ip: '10.76.1.73', os.name: 'Windows 11', os.arch: 'amd64', os.version: '10.0', java.version: '17.0.2'
Driver info: org.openqa.selenium.chrome.ChromeDriver
Capabilities {acceptInsecureCerts: false, browserName: chrome, browserVersion: 106.0.5249.91, chrome: {chromedriverVersion: 106.0.5249.61 (511755355844..., userDataDir: C:\Users\adria\AppData\Loca...}, goog:chromeOptions: {debuggerAddress: localhost:53915}, javascriptEnabled: true, networkConnectionEnabled: false, pageLoadStrategy: normal, platform: WINDOWS, platformName: WINDOWS, proxy: Proxy(), setWindowRect: true, strictFileInteractability: false, timeouts: {implicit: 0, pageLoad: 300000, script: 30000}, unhandledPromptBehavior: dismiss and notify, webauthn:extension:credBlob: true, webauthn:extension:largeBlob: true, webauthn:virtualAuthenticators: true}
Session ID: 39b184bfe3719db12b34e45bb1e87941
*** Element info: {Using=xpath, value=/html/body/div[3]/a[471]/span}
at java.base/jdk.internal.reflect.NativeConstructorAccessorImpl.newInstance0(Native Method)
at java.base/jdk.internal.reflect.NativeConstructorAccessorImpl.newInstance(NativeConstructorAccessorImpl.java:77)
at java.base/jdk.internal.reflect.DelegatingConstructorAccessorImpl.newInstance(DelegatingConstructorAccessorImpl.java:45)
at java.base/java.lang.reflect.Constructor.newInstanceWithCaller(Constructor.java:499)
at java.base/java.lang.reflect.Constructor.newInstance(Constructor.java:480)
at org.openqa.selenium.remote.http.W3CHttpResponseCodec.createException(W3CHttpResponseCodec.java:187)
at org.openqa.selenium.remote.http.W3CHttpResponseCodec.decode(W3CHttpResponseCodec.java:122)
at org.openqa.selenium.remote.http.W3CHttpResponseCodec.decode(W3CHttpResponseCodec.java:49)
at org.openqa.selenium.remote.HttpCommandExecutor.execute(HttpCommandExecutor.java:158)
at org.openqa.selenium.remote.service.DriverCommandExecutor.execute(DriverCommandExecutor.java:83)
at org.openqa.selenium.remote.RemoteWebDriver.execute(RemoteWebDriver.java:552)
at org.openqa.selenium.remote.RemoteWebElement.execute(RemoteWebElement.java:285)
at org.openqa.selenium.remote.RemoteWebElement.findElement(RemoteWebElement.java:185)
at org.openqa.selenium.remote.RemoteWebElement.findElementByXPath(RemoteWebElement.java:261)
at org.openqa.selenium.By$ByXPath.findElement(By.java:353)
at org.openqa.selenium.remote.RemoteWebElement.findElement(RemoteWebElement.java:181)
at jdk.internal.reflect.GeneratedMethodAccessor1.invoke(Unknown Source)
at java.base/jdk.internal.reflect.DelegatingMethodAccessorImpl.invoke(DelegatingMethodAccessorImpl.java:43)
at java.base/java.lang.reflect.Method.invoke(Method.java:568)
at org.openqa.selenium.support.pagefactory.internal.LocatingElementHandler.invoke(LocatingElementHandler.java:51)
at jdk.proxy2/jdk.proxy2.$Proxy10.findElement(Unknown Source)
at page.AddCategoryPage.newCategoryDisplayedValidation(AddCategoryPage.java:36)
at page.AddCategoryPage.newCategoryDisplayedValidation(AddCategoryPage.java:37)
at page.AddCategoryPage.newCategoryDisplayedValidation(AddCategoryPage.java:37)
at page.AddCategoryPage.newCategoryDisplayedValidation(AddCategoryPage.java:37)
at page.AddCategoryPage.newCategoryDisplayedValidation(AddCategoryPage.java:37)
at page.AddCategoryPage.newCategoryDisplayedValidation(AddCategoryPage.java:37)
at page.AddCategoryPage.newCategoryDisplayedValidation(AddCategoryPage.java:37)
at page.AddCategoryPage.newCategoryDisplayedValidation(AddCategoryPage.java:37)
at page.AddCategoryPage.newCategoryDisplayedValidation(AddCategoryPage.java:37)
at page.AddCategoryPage.newCategoryDisplayedValidation(AddCategoryPage.java:37)
at page.AddCategoryPage.newCategoryDisplayedValidation(AddCategoryPage.java:37)
at page.AddCategoryPage.newCategoryDisplayedValidation(AddCategoryPage.java:37)
at page.AddCategoryPage.newCategoryDisplayedValidation(AddCategoryPage.java:37)
at page.AddCategoryPage.newCategoryDisplayedValidation(AddCategoryPage.java:37)
at page.AddCategoryPage.newCategoryDisplayedValidation(AddCategoryPage.java:37)
at page.AddCategoryPage.newCategoryDisplayedValidation(AddCategoryPage.java:37)
at page.AddCategoryPage.newCategoryDisplayedValidation(AddCategoryPage.java:37)
at page.AddCategoryPage.newCategoryDisplayedValidation(AddCategoryPage.java:37)
at page.AddCategoryPage.newCategoryDisplayedValidation(AddCategoryPage.java:37)
at page.AddCategoryPage.newCategoryDisplayedValidation(AddCategoryPage.java:37)
at page.AddCategoryPage.newCategoryDisplayedValidation(AddCategoryPage.java:37)
at page.AddCategoryPage.newCategoryDisplayedValidation(AddCategoryPage.java:37)
at page.AddCategoryPage.newCategoryDisplayedValidation(AddCategoryPage.java:37)
at page.AddCategoryPage.newCategoryDisplayedValidation(AddCategoryPage.java:37)
at page.AddCategoryPage.newCategoryDisplayedValidation(AddCategoryPage.java:37)
at page.AddCategoryPage.newCategoryDisplayedValidation(AddCategoryPage.java:37)
at page.AddCategoryPage.newCategoryDisplayedValidation(AddCategoryPage.java:37)
at page.AddCategoryPage.newCategoryDisplayedValidation(AddCategoryPage.java:37)
at page.AddCategoryPage.newCategoryDisplayedValidation(AddCategoryPage.java:37)
at page.AddCategoryPage.newCategoryDisplayedValidation(AddCategoryPage.java:37)
at page.AddCategoryPage.newCategoryDisplayedValidation(AddCategoryPage.java:37)
at page.AddCategoryPage.newCategoryDisplayedValidation(AddCategoryPage.java:37)
at page.AddCategoryPage.newCategoryDisplayedValidation(AddCategoryPage.java:37)
at page.AddCategoryPage.newCategoryDisplayedValidation(AddCategoryPage.java:37)
at page.AddCategoryPage.newCategoryDisplayedValidation(AddCategoryPage.java:37)
at page.AddCategoryPage.newCategoryDisplayedValidation(AddCategoryPage.java:37)
at page.AddCategoryPage.newCategoryDisplayedValidation(AddCategoryPage.java:37)
at page.AddCategoryPage.newCategoryDisplayedValidation(AddCategoryPage.java:37)
at page.AddCategoryPage.newCategoryDisplayedValidation(AddCategoryPage.java:37)
at page.AddCategoryPage.newCategoryDisplayedValidation(AddCategoryPage.java:37)
at page.AddCategoryPage.newCategoryDisplayedValidation(AddCategoryPage.java:37)
at page.AddCategoryPage.newCategoryDisplayedValidation(AddCategoryPage.java:37)
at page.AddCategoryPage.newCategoryDisplayedValidation(AddCategoryPage.java:37)
at page.AddCategoryPage.newCategoryDisplayedValidation(AddCategoryPage.java:37)
at page.AddCategoryPage.newCategoryDisplayedValidation(AddCategoryPage.java:37)
at page.AddCategoryPage.newCategoryDisplayedValidation(AddCategoryPage.java:37)
at page.AddCategoryPage.newCategoryDisplayedValidation(AddCategoryPage.java:37)
at page.AddCategoryPage.newCategoryDisplayedValidation(AddCategoryPage.java:37)
at page.AddCategoryPage.newCategoryDisplayedValidation(AddCategoryPage.java:37)
at page.AddCategoryPage.newCategoryDisplayedValidation(AddCategoryPage.java:37)
at page.AddCategoryPage.newCategoryDisplayedValidation(AddCategoryPage.java:37)
at page.AddCategoryPage.newCategoryDisplayedValidation(AddCategoryPage.java:37)
at page.AddCategoryPage.newCategoryDisplayedValidation(AddCategoryPage.java:37)
at page.AddCategoryPage.newCategoryDisplayedValidation(AddCategoryPage.java:37)
at page.AddCategoryPage.newCategoryDisplayedValidation(AddCategoryPage.java:37)
at page.AddCategoryPage.newCategoryDisplayedValidation(AddCategoryPage.java:37)
at page.AddCategoryPage.newCategoryDisplayedValidation(AddCategoryPage.java:37)
at page.AddCategoryPage.newCategoryDisplayedValidation(AddCategoryPage.java:37)
at page.AddCategoryPage.newCategoryDisplayedValidation(AddCategoryPage.java:37)
at page.AddCategoryPage.newCategoryDisplayedValidation(AddCategoryPage.java:37)
at page.AddCategoryPage.newCategoryDisplayedValidation(AddCategoryPage.java:37)
at page.AddCategoryPage.newCategoryDisplayedValidation(AddCategoryPage.java:37)
at page.AddCategoryPage.newCategoryDisplayedValidation(AddCategoryPage.java:37)
at page.AddCategoryPage.newCategoryDisplayedValidation(AddCategoryPage.java:37)
at page.AddCategoryPage.newCategoryDisplayedValidation(AddCategoryPage.java:37)
at page.AddCategoryPage.newCategoryDisplayedValidation(AddCategoryPage.java:37)
at page.AddCategoryPage.newCategoryDisplayedValidation(AddCategoryPage.java:37)
at page.AddCategoryPage.newCategoryDisplayedValidation(AddCategoryPage.java:37)
at page.AddCategoryPage.newCategoryDisplayedValidation(AddCategoryPage.java:37)
at page.AddCategoryPage.newCategoryDisplayedValidation(AddCategoryPage.java:37)
at page.AddCategoryPage.newCategoryDisplayedValidation(AddCategoryPage.java:37)
at page.AddCategoryPage.newCategoryDisplayedValidation(AddCategoryPage.java:37)
at page.AddCategoryPage.newCategoryDisplayedValidation(AddCategoryPage.java:37)
at page.AddCategoryPage.newCategoryDisplayedValidation(AddCategoryPage.java:37)
at page.AddCategoryPage.newCategoryDisplayedValidation(AddCategoryPage.java:37)
at page.AddCategoryPage.newCategoryDisplayedValidation(AddCategoryPage.java:37)
at page.AddCategoryPage.newCategoryDisplayedValidation(AddCategoryPage.java:37)
at page.AddCategoryPage.newCategoryDisplayedValidation(AddCategoryPage.java:37)
at page.AddCategoryPage.newCategoryDisplayedValidation(AddCategoryPage.java:37)
at page.AddCategoryPage.newCategoryDisplayedValidation(AddCategoryPage.java:37)
at page.AddCategoryPage.newCategoryDisplayedValidation(AddCategoryPage.java:37)
at page.AddCategoryPage.newCategoryDisplayedValidation(AddCategoryPage.java:37)
at page.AddCategoryPage.newCategoryDisplayedValidation(AddCategoryPage.java:37)
at page.AddCategoryPage.newCategoryDisplayedValidation(AddCategoryPage.java:37)
at page.AddCategoryPage.newCategoryDisplayedValidation(AddCategoryPage.java:37)
at page.AddCategoryPage.newCategoryDisplayedValidation(AddCategoryPage.java:37)
at page.AddCategoryPage.newCategoryDisplayedValidation(AddCategoryPage.java:37)
at page.AddCategoryPage.newCategoryDisplayedValidation(AddCategoryPage.java:37)
at page.AddCategoryPage.newCategoryDisplayedValidation(AddCategoryPage.java:37)
at page.AddCategoryPage.newCategoryDisplayedValidation(AddCategoryPage.java:37)
at page.AddCategoryPage.newCategoryDisplayedValidation(AddCategoryPage.java:37)
at page.AddCategoryPage.newCategoryDisplayedValidation(AddCategoryPage.java:37)
at page.AddCategoryPage.newCategoryDisplayedValidation(AddCategoryPage.java:37)
at page.AddCategoryPage.newCategoryDisplayedValidation(AddCategoryPage.java:37)
at page.AddCategoryPage.newCategoryDisplayedValidation(AddCategoryPage.java:37)
at page.AddCategoryPage.newCategoryDisplayedValidation(AddCategoryPage.java:37)
at page.AddCategoryPage.newCategoryDisplayedValidation(AddCategoryPage.java:37)
at page.AddCategoryPage.newCategoryDisplayedValidation(AddCategoryPage.java:37)
at page.AddCategoryPage.newCategoryDisplayedValidation(AddCategoryPage.java:37)
at page.AddCategoryPage.newCategoryDisplayedValidation(AddCategoryPage.java:37)
at page.AddCategoryPage.newCategoryDisplayedValidation(AddCategoryPage.java:37)
at page.AddCategoryPage.newCategoryDisplayedValidation(AddCategoryPage.java:37)
at page.AddCategoryPage.newCategoryDisplayedValidation(AddCategoryPage.java:37)
at page.AddCategoryPage.newCategoryDisplayedValidation(AddCategoryPage.java:37)
at page.AddCategoryPage.newCategoryDisplayedValidation(AddCategoryPage.java:37)
at page.AddCategoryPage.newCategoryDisplayedValidation(AddCategoryPage.java:37)
at page.AddCategoryPage.newCategoryDisplayedValidation(AddCategoryPage.java:37)
at page.AddCategoryPage.newCategoryDisplayedValidation(AddCategoryPage.java:37)
at page.AddCategoryPage.newCategoryDisplayedValidation(AddCategoryPage.java:37)
at page.AddCategoryPage.newCategoryDisplayedValidation(AddCategoryPage.java:37)
at page.AddCategoryPage.newCategoryDisplayedValidation(AddCategoryPage.java:37)
at page.AddCategoryPage.newCategoryDisplayedValidation(AddCategoryPage.java:37)
at page.AddCategoryPage.newCategoryDisplayedValidation(AddCategoryPage.java:37)
at page.AddCategoryPage.newCategoryDisplayedValidation(AddCategoryPage.java:37)
at page.AddCategoryPage.newCategoryDisplayedValidation(AddCategoryPage.java:37)
at page.AddCategoryPage.newCategoryDisplayedValidation(AddCategoryPage.java:37)
at page.AddCategoryPage.newCategoryDisplayedValidation(AddCategoryPage.java:37)
at page.AddCategoryPage.newCategoryDisplayedValidation(AddCategoryPage.java:37)
at page.AddCategoryPage.newCategoryDisplayedValidation(AddCategoryPage.java:37)
at page.AddCategoryPage.newCategoryDisplayedValidation(AddCategoryPage.java:37)
at page.AddCategoryPage.newCategoryDisplayedValidation(AddCategoryPage.java:37)
at page.AddCategoryPage.newCategoryDisplayedValidation(AddCategoryPage.java:37)
at page.AddCategoryPage.newCategoryDisplayedValidation(AddCategoryPage.java:37)
at page.AddCategoryPage.newCategoryDisplayedValidation(AddCategoryPage.java:37)
at page.AddCategoryPage.newCategoryDisplayedValidation(AddCategoryPage.java:37)
at page.AddCategoryPage.newCategoryDisplayedValidation(AddCategoryPage.java:37)
at page.AddCategoryPage.newCategoryDisplayedValidation(AddCategoryPage.java:37)
at page.AddCategoryPage.newCategoryDisplayedValidation(AddCategoryPage.java:37)
at page.AddCategoryPage.newCategoryDisplayedValidation(AddCategoryPage.java:37)
at page.AddCategoryPage.newCategoryDisplayedValidation(AddCategoryPage.java:37)
at page.AddCategoryPage.newCategoryDisplayedValidation(AddCategoryPage.java:37)
at page.AddCategoryPage.newCategoryDisplayedValidation(AddCategoryPage.java:37)
at page.AddCategoryPage.newCategoryDisplayedValidation(AddCategoryPage.java:37)
at page.AddCategoryPage.newCategoryDisplayedValidation(AddCategoryPage.java:37)
at page.AddCategoryPage.newCategoryDisplayedValidation(AddCategoryPage.java:37)
at page.AddCategoryPage.newCategoryDisplayedValidation(AddCategoryPage.java:37)
at page.AddCategoryPage.newCategoryDisplayedValidation(AddCategoryPage.java:37)
at page.AddCategoryPage.newCategoryDisplayedValidation(AddCategoryPage.java:37)
at page.AddCategoryPage.newCategoryDisplayedValidation(AddCategoryPage.java:37)
at page.AddCategoryPage.newCategoryDisplayedValidation(AddCategoryPage.java:37)
at page.AddCategoryPage.newCategoryDisplayedValidation(AddCategoryPage.java:37)
at page.AddCategoryPage.newCategoryDisplayedValidation(AddCategoryPage.java:37)
at page.AddCategoryPage.newCategoryDisplayedValidation(AddCategoryPage.java:37)
at page.AddCategoryPage.newCategoryDisplayedValidation(AddCategoryPage.java:37)
at page.AddCategoryPage.newCategoryDisplayedValidation(AddCategoryPage.java:37)
at page.AddCategoryPage.newCategoryDisplayedValidation(AddCategoryPage.java:37)
at page.AddCategoryPage.newCategoryDisplayedValidation(AddCategoryPage.java:37)
at page.AddCategoryPage.newCategoryDisplayedValidation(AddCategoryPage.java:37)
at page.AddCategoryPage.newCategoryDisplayedValidation(AddCategoryPage.java:37)
at page.AddCategoryPage.newCategoryDisplayedValidation(AddCategoryPage.java:37)
at page.AddCategoryPage.newCategoryDisplayedValidation(AddCategoryPage.java:37)
at page.AddCategoryPage.newCategoryDisplayedValidation(AddCategoryPage.java:37)
at page.AddCategoryPage.newCategoryDisplayedValidation(AddCategoryPage.java:37)
at page.AddCategoryPage.newCategoryDisplayedValidation(AddCategoryPage.java:37)
at page.AddCategoryPage.newCategoryDisplayedValidation(AddCategoryPage.java:37)
at page.AddCategoryPage.newCategoryDisplayedValidation(AddCategoryPage.java:37)
at page.AddCategoryPage.newCategoryDisplayedValidation(AddCategoryPage.java:37)
at page.AddCategoryPage.newCategoryDisplayedValidation(AddCategoryPage.java:37)
at page.AddCategoryPage.newCategoryDisplayedValidation(AddCategoryPage.java:37)
at page.AddCategoryPage.newCategoryDisplayedValidation(AddCategoryPage.java:37)
at page.AddCategoryPage.newCategoryDisplayedValidation(AddCategoryPage.java:37)
at page.AddCategoryPage.newCategoryDisplayedValidation(AddCategoryPage.java:37)
at page.AddCategoryPage.newCategoryDisplayedValidation(AddCategoryPage.java:37)
at page.AddCategoryPage.newCategoryDisplayedValidation(AddCategoryPage.java:37)
at page.AddCategoryPage.newCategoryDisplayedValidation(AddCategoryPage.java:37)
at page.AddCategoryPage.newCategoryDisplayedValidation(AddCategoryPage.java:37)
at page.AddCategoryPage.newCategoryDisplayedValidation(AddCategoryPage.java:37)
at page.AddCategoryPage.newCategoryDisplayedValidation(AddCategoryPage.java:37)
at page.AddCategoryPage.newCategoryDisplayedValidation(AddCategoryPage.java:37)
at page.AddCategoryPage.newCategoryDisplayedValidation(AddCategoryPage.java:37)
at page.AddCategoryPage.newCategoryDisplayedValidation(AddCategoryPage.java:37)
at page.AddCategoryPage.newCategoryDisplayedValidation(AddCategoryPage.java:37)
at page.AddCategoryPage.newCategoryDisplayedValidation(AddCategoryPage.java:37)
at page.AddCategoryPage.newCategoryDisplayedValidation(AddCategoryPage.java:37)
at page.AddCategoryPage.newCategoryDisplayedValidation(AddCategoryPage.java:37)
at page.AddCategoryPage.newCategoryDisplayedValidation(AddCategoryPage.java:37)
at page.AddCategoryPage.newCategoryDisplayedValidation(AddCategoryPage.java:37)
at page.AddCategoryPage.newCategoryDisplayedValidation(AddCategoryPage.java:37)
at page.AddCategoryPage.newCategoryDisplayedValidation(AddCategoryPage.java:37)
at page.AddCategoryPage.newCategoryDisplayedValidation(AddCategoryPage.java:37)
at page.AddCategoryPage.newCategoryDisplayedValidation(AddCategoryPage.java:37)
at page.AddCategoryPage.newCategoryDisplayedValidation(AddCategoryPage.java:37)
at page.AddCategoryPage.newCategoryDisplayedValidation(AddCategoryPage.java:37)
at page.AddCategoryPage.newCategoryDisplayedValidation(AddCategoryPage.java:37)
at page.AddCategoryPage.newCategoryDisplayedValidation(AddCategoryPage.java:37)
at page.AddCategoryPage.newCategoryDisplayedValidation(AddCategoryPage.java:37)
at page.AddCategoryPage.newCategoryDisplayedValidation(AddCategoryPage.java:37)
at page.AddCategoryPage.newCategoryDisplayedValidation(AddCategoryPage.java:37)
at page.AddCategoryPage.newCategoryDisplayedValidation(AddCategoryPage.java:37)
at page.AddCategoryPage.newCategoryDisplayedValidation(AddCategoryPage.java:37)
at page.AddCategoryPage.newCategoryDisplayedValidation(AddCategoryPage.java:37)
at page.AddCategoryPage.newCategoryDisplayedValidation(AddCategoryPage.java:37)
at page.AddCategoryPage.newCategoryDisplayedValidation(AddCategoryPage.java:37)
at page.AddCategoryPage.newCategoryDisplayedValidation(AddCategoryPage.java:37)
at page.AddCategoryPage.newCategoryDisplayedValidation(AddCategoryPage.java:37)
at page.AddCategoryPage.newCategoryDisplayedValidation(AddCategoryPage.java:37)
at page.AddCategoryPage.newCategoryDisplayedValidation(AddCategoryPage.java:37)
at page.AddCategoryPage.newCategoryDisplayedValidation(AddCategoryPage.java:37)
at page.AddCategoryPage.newCategoryDisplayedValidation(AddCategoryPage.java:37)
at page.AddCategoryPage.newCategoryDisplayedValidation(AddCategoryPage.java:37)
at page.AddCategoryPage.newCategoryDisplayedValidation(AddCategoryPage.java:37)
at page.AddCategoryPage.newCategoryDisplayedValidation(AddCategoryPage.java:37)
at page.AddCategoryPage.newCategoryDisplayedValidation(AddCategoryPage.java:37)
at page.AddCategoryPage.newCategoryDisplayedValidation(AddCategoryPage.java:37)
at page.AddCategoryPage.newCategoryDisplayedValidation(AddCategoryPage.java:37)
at page.AddCategoryPage.newCategoryDisplayedValidation(AddCategoryPage.java:37)
at page.AddCategoryPage.newCategoryDisplayedValidation(AddCategoryPage.java:37)
at page.AddCategoryPage.newCategoryDisplayedValidation(AddCategoryPage.java:37)
at page.AddCategoryPage.newCategoryDisplayedValidation(AddCategoryPage.java:37)
at page.AddCategoryPage.newCategoryDisplayedValidation(AddCategoryPage.java:37)
at page.AddCategoryPage.newCategoryDisplayedValidation(AddCategoryPage.java:37)
at page.AddCategoryPage.newCategoryDisplayedValidation(AddCategoryPage.java:37)
at page.AddCategoryPage.newCategoryDisplayedValidation(AddCategoryPage.java:37)
at page.AddCategoryPage.newCategoryDisplayedValidation(AddCategoryPage.java:37)
at page.AddCategoryPage.newCategoryDisplayedValidation(AddCategoryPage.java:37)
at page.AddCategoryPage.newCategoryDisplayedValidation(AddCategoryPage.java:37)
at page.AddCategoryPage.newCategoryDisplayedValidation(AddCategoryPage.java:37)
at page.AddCategoryPage.newCategoryDisplayedValidation(AddCategoryPage.java:37)
at page.AddCategoryPage.newCategoryDisplayedValidation(AddCategoryPage.java:37)
at page.AddCategoryPage.newCategoryDisplayedValidation(AddCategoryPage.java:37)
at page.AddCategoryPage.newCategoryDisplayedValidation(AddCategoryPage.java:37)
at page.AddCategoryPage.newCategoryDisplayedValidation(AddCategoryPage.java:37)
at page.AddCategoryPage.newCategoryDisplayedValidation(AddCategoryPage.java:37)
at page.AddCategoryPage.newCategoryDisplayedValidation(AddCategoryPage.java:37)
at page.AddCategoryPage.newCategoryDisplayedValidation(AddCategoryPage.java:37)
at page.AddCategoryPage.newCategoryDisplayedValidation(AddCategoryPage.java:37)
at page.AddCategoryPage.newCategoryDisplayedValidation(AddCategoryPage.java:37)
at page.AddCategoryPage.newCategoryDisplayedValidation(AddCategoryPage.java:37)
at page.AddCategoryPage.newCategoryDisplayedValidation(AddCategoryPage.java:37)
at page.AddCategoryPage.newCategoryDisplayedValidation(AddCategoryPage.java:37)
at page.AddCategoryPage.newCategoryDisplayedValidation(AddCategoryPage.java:37)
at page.AddCategoryPage.newCategoryDisplayedValidation(AddCategoryPage.java:37)
at page.AddCategoryPage.newCategoryDisplayedValidation(AddCategoryPage.java:37)
at page.AddCategoryPage.newCategoryDisplayedValidation(AddCategoryPage.java:37)
at page.AddCategoryPage.newCategoryDisplayedValidation(AddCategoryPage.java:37)
at page.AddCategoryPage.newCategoryDisplayedValidation(AddCategoryPage.java:37)
at page.AddCategoryPage.newCategoryDisplayedValidation(AddCategoryPage.java:37)
at page.AddCategoryPage.newCategoryDisplayedValidation(AddCategoryPage.java:37)
at page.AddCategoryPage.newCategoryDisplayedValidation(AddCategoryPage.java:37)
at page.AddCategoryPage.newCategoryDisplayedValidation(AddCategoryPage.java:37)
at page.AddCategoryPage.newCategoryDisplayedValidation(AddCategoryPage.java:37)
at page.AddCategoryPage.newCategoryDisplayedValidation(AddCategoryPage.java:37)
at page.AddCategoryPage.newCategoryDisplayedValidation(AddCategoryPage.java:37)
at page.AddCategoryPage.newCategoryDisplayedValidation(AddCategoryPage.java:37)
at page.AddCategoryPage.newCategoryDisplayedValidation(AddCategoryPage.java:37)
at page.AddCategoryPage.newCategoryDisplayedValidation(AddCategoryPage.java:37)
at page.AddCategoryPage.newCategoryDisplayedValidation(AddCategoryPage.java:37)
at page.AddCategoryPage.newCategoryDisplayedValidation(AddCategoryPage.java:37)
at page.AddCategoryPage.newCategoryDisplayedValidation(AddCategoryPage.java:37)
at page.AddCategoryPage.newCategoryDisplayedValidation(AddCategoryPage.java:37)
at page.AddCategoryPage.newCategoryDisplayedValidation(AddCategoryPage.java:37)
at page.AddCategoryPage.newCategoryDisplayedValidation(AddCategoryPage.java:37)
at page.AddCategoryPage.newCategoryDisplayedValidation(AddCategoryPage.java:37)
at page.AddCategoryPage.newCategoryDisplayedValidation(AddCategoryPage.java:37)
at page.AddCategoryPage.newCategoryDisplayedValidation(AddCategoryPage.java:37)
at page.AddCategoryPage.newCategoryDisplayedValidation(AddCategoryPage.java:37)
at page.AddCategoryPage.newCategoryDisplayedValidation(AddCategoryPage.java:37)
at page.AddCategoryPage.newCategoryDisplayedValidation(AddCategoryPage.java:37)
at page.AddCategoryPage.newCategoryDisplayedValidation(AddCategoryPage.java:37)
at page.AddCategoryPage.newCategoryDisplayedValidation(AddCategoryPage.java:37)
at page.AddCategoryPage.newCategoryDisplayedValidation(AddCategoryPage.java:37)
at page.AddCategoryPage.newCategoryDisplayedValidation(AddCategoryPage.java:37)
at page.AddCategoryPage.newCategoryDisplayedValidation(AddCategoryPage.java:37)
at page.AddCategoryPage.newCategoryDisplayedValidation(AddCategoryPage.java:37)
at page.AddCategoryPage.newCategoryDisplayedValidation(AddCategoryPage.java:37)
at page.AddCategoryPage.newCategoryDisplayedValidation(AddCategoryPage.java:37)
at page.AddCategoryPage.newCategoryDisplayedValidation(AddCategoryPage.java:37)
at page.AddCategoryPage.newCategoryDisplayedValidation(AddCategoryPage.java:37)
at page.AddCategoryPage.newCategoryDisplayedValidation(AddCategoryPage.java:37)
at page.AddCategoryPage.newCategoryDisplayedValidation(AddCategoryPage.java:37)
at page.AddCategoryPage.newCategoryDisplayedValidation(AddCategoryPage.java:37)
at page.AddCategoryPage.newCategoryDisplayedValidation(AddCategoryPage.java:37)
at page.AddCategoryPage.newCategoryDisplayedValidation(AddCategoryPage.java:37)
at page.AddCategoryPage.newCategoryDisplayedValidation(AddCategoryPage.java:37)
at page.AddCategoryPage.newCategoryDisplayedValidation(AddCategoryPage.java:37)
at page.AddCategoryPage.newCategoryDisplayedValidation(AddCategoryPage.java:37)
at page.AddCategoryPage.newCategoryDisplayedValidation(AddCategoryPage.java:37)
at page.AddCategoryPage.newCategoryDisplayedValidation(AddCategoryPage.java:37)
at page.AddCategoryPage.newCategoryDisplayedValidation(AddCategoryPage.java:37)
at page.AddCategoryPage.newCategoryDisplayedValidation(AddCategoryPage.java:37)
at page.AddCategoryPage.newCategoryDisplayedValidation(AddCategoryPage.java:37)
at page.AddCategoryPage.newCategoryDisplayedValidation(AddCategoryPage.java:37)
at page.AddCategoryPage.newCategoryDisplayedValidation(AddCategoryPage.java:37)
at page.AddCategoryPage.newCategoryDisplayedValidation(AddCategoryPage.java:37)
at page.AddCategoryPage.newCategoryDisplayedValidation(AddCategoryPage.java:37)
at page.AddCategoryPage.newCategoryDisplayedValidation(AddCategoryPage.java:37)
at page.AddCategoryPage.newCategoryDisplayedValidation(AddCategoryPage.java:37)
at page.AddCategoryPage.newCategoryDisplayedValidation(AddCategoryPage.java:37)
at page.AddCategoryPage.newCategoryDisplayedValidation(AddCategoryPage.java:37)
at page.AddCategoryPage.newCategoryDisplayedValidation(AddCategoryPage.java:37)
at page.AddCategoryPage.newCategoryDisplayedValidation(AddCategoryPage.java:37)
at page.AddCategoryPage.newCategoryDisplayedValidation(AddCategoryPage.java:37)
at page.AddCategoryPage.newCategoryDisplayedValidation(AddCategoryPage.java:37)
at page.AddCategoryPage.newCategoryDisplayedValidation(AddCategoryPage.java:37)
at page.AddCategoryPage.newCategoryDisplayedValidation(AddCategoryPage.java:37)
at page.AddCategoryPage.newCategoryDisplayedValidation(AddCategoryPage.java:37)
at page.AddCategoryPage.newCategoryDisplayedValidation(AddCategoryPage.java:37)
at page.AddCategoryPage.newCategoryDisplayedValidation(AddCategoryPage.java:37)
at page.AddCategoryPage.newCategoryDisplayedValidation(AddCategoryPage.java:37)
at page.AddCategoryPage.newCategoryDisplayedValidation(AddCategoryPage.java:37)
at page.AddCategoryPage.newCategoryDisplayedValidation(AddCategoryPage.java:37)
at page.AddCategoryPage.newCategoryDisplayedValidation(AddCategoryPage.java:37)
at page.AddCategoryPage.newCategoryDisplayedValidation(AddCategoryPage.java:37)
at page.AddCategoryPage.newCategoryDisplayedValidation(AddCategoryPage.java:37)
at page.AddCategoryPage.newCategoryDisplayedValidation(AddCategoryPage.java:37)
at page.AddCategoryPage.newCategoryDisplayedValidation(AddCategoryPage.java:37)
at page.AddCategoryPage.newCategoryDisplayedValidation(AddCategoryPage.java:37)
at page.AddCategoryPage.newCategoryDisplayedValidation(AddCategoryPage.java:37)
at page.AddCategoryPage.newCategoryDisplayedValidation(AddCategoryPage.java:37)
at page.AddCategoryPage.newCategoryDisplayedValidation(AddCategoryPage.java:37)
at page.AddCategoryPage.newCategoryDisplayedValidation(AddCategoryPage.java:37)
at page.AddCategoryPage.newCategoryDisplayedValidation(AddCategoryPage.java:37)
at page.AddCategoryPage.newCategoryDisplayedValidation(AddCategoryPage.java:37)
at page.AddCategoryPage.newCategoryDisplayedValidation(AddCategoryPage.java:37)
at page.AddCategoryPage.newCategoryDisplayedValidation(AddCategoryPage.java:37)
at page.AddCategoryPage.newCategoryDisplayedValidation(AddCategoryPage.java:37)
at page.AddCategoryPage.newCategoryDisplayedValidation(AddCategoryPage.java:37)
at page.AddCategoryPage.newCategoryDisplayedValidation(AddCategoryPage.java:37)
at page.AddCategoryPage.newCategoryDisplayedValidation(AddCategoryPage.java:37)
at page.AddCategoryPage.newCategoryDisplayedValidation(AddCategoryPage.java:37)
at page.AddCategoryPage.newCategoryDisplayedValidation(AddCategoryPage.java:37)
at page.AddCategoryPage.newCategoryDisplayedValidation(AddCategoryPage.java:37)
at page.AddCategoryPage.newCategoryDisplayedValidation(AddCategoryPage.java:37)
at page.AddCategoryPage.newCategoryDisplayedValidation(AddCategoryPage.java:37)
at page.AddCategoryPage.newCategoryDisplayedValidation(AddCategoryPage.java:37)
at page.AddCategoryPage.newCategoryDisplayedValidation(AddCategoryPage.java:37)
at page.AddCategoryPage.newCategoryDisplayedValidation(AddCategoryPage.java:37)
at page.AddCategoryPage.newCategoryDisplayedValidation(AddCategoryPage.java:37)
at page.AddCategoryPage.newCategoryDisplayedValidation(AddCategoryPage.java:37)
at page.AddCategoryPage.newCategoryDisplayedValidation(AddCategoryPage.java:37)
at page.AddCategoryPage.newCategoryDisplayedValidation(AddCategoryPage.java:37)
at page.AddCategoryPage.newCategoryDisplayedValidation(AddCategoryPage.java:37)
at page.AddCategoryPage.newCategoryDisplayedValidation(AddCategoryPage.java:37)
at page.AddCategoryPage.newCategoryDisplayedValidation(AddCategoryPage.java:37)
at page.AddCategoryPage.newCategoryDisplayedValidation(AddCategoryPage.java:37)
at page.AddCategoryPage.newCategoryDisplayedValidation(AddCategoryPage.java:37)
at page.AddCategoryPage.newCategoryDisplayedValidation(AddCategoryPage.java:37)
at page.AddCategoryPage.newCategoryDisplayedValidation(AddCategoryPage.java:37)
at page.AddCategoryPage.newCategoryDisplayedValidation(AddCategoryPage.java:37)
at page.AddCategoryPage.newCategoryDisplayedValidation(AddCategoryPage.java:37)
at page.AddCategoryPage.newCategoryDisplayedValidation(AddCategoryPage.java:37)
at page.AddCategoryPage.newCategoryDisplayedValidation(AddCategoryPage.java:37)
at page.AddCategoryPage.newCategoryDisplayedValidation(AddCategoryPage.java:37)
at page.AddCategoryPage.newCategoryDisplayedValidation(AddCategoryPage.java:37)
at page.AddCategoryPage.newCategoryDisplayedValidation(AddCategoryPage.java:37)
at page.AddCategoryPage.newCategoryDisplayedValidation(AddCategoryPage.java:37)
at page.AddCategoryPage.newCategoryDisplayedValidation(AddCategoryPage.java:37)
at page.AddCategoryPage.newCategoryDisplayedValidation(AddCategoryPage.java:37)
at page.AddCategoryPage.newCategoryDisplayedValidation(AddCategoryPage.java:37)
at page.AddCategoryPage.newCategoryDisplayedValidation(AddCategoryPage.java:37)
at page.AddCategoryPage.newCategoryDisplayedValidation(AddCategoryPage.java:37)
at page.AddCategoryPage.newCategoryDisplayedValidation(AddCategoryPage.java:37)
at page.AddCategoryPage.newCategoryDisplayedValidation(AddCategoryPage.java:37)
at page.AddCategoryPage.newCategoryDisplayedValidation(AddCategoryPage.java:37)
at page.AddCategoryPage.newCategoryDisplayedValidation(AddCategoryPage.java:37)
at page.AddCategoryPage.newCategoryDisplayedValidation(AddCategoryPage.java:37)
at page.AddCategoryPage.newCategoryDisplayedValidation(AddCategoryPage.java:37)
at page.AddCategoryPage.newCategoryDisplayedValidation(AddCategoryPage.java:37)
at page.AddCategoryPage.newCategoryDisplayedValidation(AddCategoryPage.java:37)
at page.AddCategoryPage.newCategoryDisplayedValidation(AddCategoryPage.java:37)
at page.AddCategoryPage.newCategoryDisplayedValidation(AddCategoryPage.java:37)
at page.AddCategoryPage.newCategoryDisplayedValidation(AddCategoryPage.java:37)
at page.AddCategoryPage.newCategoryDisplayedValidation(AddCategoryPage.java:37)
at page.AddCategoryPage.newCategoryDisplayedValidation(AddCategoryPage.java:37)
at page.AddCategoryPage.newCategoryDisplayedValidation(AddCategoryPage.java:37)
at page.AddCategoryPage.newCategoryDisplayedValidation(AddCategoryPage.java:37)
at page.AddCategoryPage.newCategoryDisplayedValidation(AddCategoryPage.java:37)
at page.AddCategoryPage.newCategoryDisplayedValidation(AddCategoryPage.java:37)
at page.AddCategoryPage.newCategoryDisplayedValidation(AddCategoryPage.java:37)
at page.AddCategoryPage.newCategoryDisplayedValidation(AddCategoryPage.java:37)
at page.AddCategoryPage.newCategoryDisplayedValidation(AddCategoryPage.java:37)
at page.AddCategoryPage.newCategoryDisplayedValidation(AddCategoryPage.java:37)
at page.AddCategoryPage.newCategoryDisplayedValidation(AddCategoryPage.java:37)
at page.AddCategoryPage.newCategoryDisplayedValidation(AddCategoryPage.java:37)
at page.AddCategoryPage.newCategoryDisplayedValidation(AddCategoryPage.java:37)
at page.AddCategoryPage.newCategoryDisplayedValidation(AddCategoryPage.java:37)
at page.AddCategoryPage.newCategoryDisplayedValidation(AddCategoryPage.java:37)
at page.AddCategoryPage.newCategoryDisplayedValidation(AddCategoryPage.java:37)
at page.AddCategoryPage.newCategoryDisplayedValidation(AddCategoryPage.java:37)
at page.AddCategoryPage.newCategoryDisplayedValidation(AddCategoryPage.java:37)
at page.AddCategoryPage.newCategoryDisplayedValidation(AddCategoryPage.java:37)
at page.AddCategoryPage.newCategoryDisplayedValidation(AddCategoryPage.java:37)
at page.AddCategoryPage.newCategoryDisplayedValidation(AddCategoryPage.java:37)
at page.AddCategoryPage.newCategoryDisplayedValidation(AddCategoryPage.java:37)
at page.AddCategoryPage.newCategoryDisplayedValidation(AddCategoryPage.java:37)
at page.AddCategoryPage.newCategoryDisplayedValidation(AddCategoryPage.java:37)
at page.AddCategoryPage.newCategoryDisplayedValidation(AddCategoryPage.java:37)
at page.AddCategoryPage.newCategoryDisplayedValidation(AddCategoryPage.java:37)
at page.AddCategoryPage.newCategoryDisplayedValidation(AddCategoryPage.java:37)
at page.AddCategoryPage.newCategoryDisplayedValidation(AddCategoryPage.java:37)
at page.AddCategoryPage.newCategoryDisplayedValidation(AddCategoryPage.java:37)
at page.AddCategoryPage.newCategoryDisplayedValidation(AddCategoryPage.java:37)
at page.AddCategoryPage.newCategoryDisplayedValidation(AddCategoryPage.java:37)
at page.AddCategoryPage.newCategoryDisplayedValidation(AddCategoryPage.java:37)
at page.AddCategoryPage.newCategoryDisplayedValidation(AddCategoryPage.java:37)
at page.AddCategoryPage.newCategoryDisplayedValidation(AddCategoryPage.java:37)
at page.AddCategoryPage.newCategoryDisplayedValidation(AddCategoryPage.java:37)
at page.AddCategoryPage.newCategoryDisplayedValidation(AddCategoryPage.java:37)
at page.AddCategoryPage.newCategoryDisplayedValidation(AddCategoryPage.java:37)
at page.AddCategoryPage.newCategoryDisplayedValidation(AddCategoryPage.java:37)
at page.AddCategoryPage.newCategoryDisplayedValidation(AddCategoryPage.java:37)
at page.AddCategoryPage.newCategoryDisplayedValidation(AddCategoryPage.java:37)
at page.AddCategoryPage.newCategoryDisplayedValidation(AddCategoryPage.java:37)
at page.AddCategoryPage.newCategoryDisplayedValidation(AddCategoryPage.java:37)
at page.AddCategoryPage.newCategoryDisplayedValidation(AddCategoryPage.java:37)
at page.AddCategoryPage.newCategoryDisplayedValidation(AddCategoryPage.java:37)
at page.AddCategoryPage.newCategoryDisplayedValidation(AddCategoryPage.java:37)
at page.AddCategoryPage.newCategoryDisplayedValidation(AddCategoryPage.java:37)
at page.AddCategoryPage.newCategoryDisplayedValidation(AddCategoryPage.java:37)
at page.AddCategoryPage.newCategoryDisplayedValidation(AddCategoryPage.java:37)
at page.AddCategoryPage.newCategoryDisplayedValidation(AddCategoryPage.java:37)
at page.AddCategoryPage.newCategoryDisplayedValidation(AddCategoryPage.java:37)
at page.AddCategoryPage.newCategoryDisplayedValidation(AddCategoryPage.java:37)
at page.AddCategoryPage.newCategoryDisplayedValidation(AddCategoryPage.java:37)
at page.AddCategoryPage.newCategoryDisplayedValidation(AddCategoryPage.java:37)
at page.AddCategoryPage.newCategoryDisplayedValidation(AddCategoryPage.java:37)
at page.AddCategoryPage.newCategoryDisplayedValidation(AddCategoryPage.java:37)
at page.AddCategoryPage.newCategoryDisplayedValidation(AddCategoryPage.java:37)
at page.AddCategoryPage.newCategoryDisplayedValidation(AddCategoryPage.java:37)
at page.AddCategoryPage.newCategoryDisplayedValidation(AddCategoryPage.java:37)
at page.AddCategoryPage.newCategoryDisplayedValidation(AddCategoryPage.java:37)
at page.AddCategoryPage.newCategoryDisplayedValidation(AddCategoryPage.java:37)
at page.AddCategoryPage.newCategoryDisplayedValidation(AddCategoryPage.java:37)
at page.AddCategoryPage.newCategoryDisplayedValidation(AddCategoryPage.java:37)
at page.AddCategoryPage.newCategoryDisplayedValidation(AddCategoryPage.java:37)
at page.AddCategoryPage.newCategoryDisplayedValidation(AddCategoryPage.java:37)
at page.AddCategoryPage.newCategoryDisplayedValidation(AddCategoryPage.java:37)
at page.AddCategoryPage.newCategoryDisplayedValidation(AddCategoryPage.java:37)
at page.AddCategoryPage.newCategoryDisplayedValidation(AddCategoryPage.java:37)
at page.AddCategoryPage.newCategoryDisplayedValidation(AddCategoryPage.java:37)
at page.AddCategoryPage.newCategoryDisplayedValidation(AddCategoryPage.java:37)
at page.AddCategoryPage.newCategoryDisplayedValidation(AddCategoryPage.java:37)
at page.AddCategoryPage.newCategoryDisplayedValidation(AddCategoryPage.java:37)
at page.AddCategoryPage.newCategoryDisplayedValidation(AddCategoryPage.java:37)
at page.AddCategoryPage.newCategoryDisplayedValidation(AddCategoryPage.java:37)
at page.AddCategoryPage.newCategoryDisplayedValidation(AddCategoryPage.java:37)
at page.AddCategoryPage.newCategoryDisplayedValidation(AddCategoryPage.java:37)
at page.AddCategoryPage.newCategoryDisplayedValidation(AddCategoryPage.java:37)
at page.AddCategoryPage.newCategoryDisplayedValidation(AddCategoryPage.java:37)
at page.AddCategoryPage.newCategoryDisplayedValidation(AddCategoryPage.java:37)
at page.AddCategoryPage.newCategoryDisplayedValidation(AddCategoryPage.java:37)
at page.AddCategoryPage.newCategoryDisplayedValidation(AddCategoryPage.java:37)
at page.AddCategoryPage.newCategoryDisplayedValidation(AddCategoryPage.java:37)
at page.AddCategoryPage.newCategoryDisplayedValidation(AddCategoryPage.java:37)
at page.AddCategoryPage.newCategoryDisplayedValidation(AddCategoryPage.java:37)
at page.AddCategoryPage.newCategoryDisplayedValidation(AddCategoryPage.java:37)
at page.AddCategoryPage.newCategoryDisplayedValidation(AddCategoryPage.java:37)
at page.AddCategoryPage.newCategoryDisplayedValidation(AddCategoryPage.java:37)
at page.AddCategoryPage.newCategoryDisplayedValidation(AddCategoryPage.java:37)
at page.AddCategoryPage.newCategoryDisplayedValidation(AddCategoryPage.java:37)
at page.AddCategoryPage.newCategoryDisplayedValidation(AddCategoryPage.java:37)
at page.AddCategoryPage.newCategoryDisplayedValidation(AddCategoryPage.java:37)
at page.AddCategoryPage.newCategoryDisplayedValidation(AddCategoryPage.java:37)
at page.AddCategoryPage.newCategoryDisplayedValidation(AddCategoryPage.java:37)
at page.AddCategoryPage.newCategoryDisplayedValidation(AddCategoryPage.java:37)
at page.AddCategoryPage.newCategoryDisplayedValidation(AddCategoryPage.java:37)
at page.AddCategoryPage.newCategoryDisplayedValidation(AddCategoryPage.java:37)
at page.AddCategoryPage.newCategoryDisplayedValidation(AddCategoryPage.java:37)
at page.AddCategoryPage.newCategoryDisplayedValidation(AddCategoryPage.java:37)
at page.AddCategoryPage.newCategoryDisplayedValidation(AddCategoryPage.java:37)
at page.AddCategoryPage.newCategoryDisplayedValidation(AddCategoryPage.java:37)
at page.AddCategoryPage.newCategoryDisplayedValidation(AddCategoryPage.java:37)
at page.AddCategoryPage.newCategoryDisplayedValidation(AddCategoryPage.java:37)
at page.AddCategoryPage.newCategoryDisplayedValidation(AddCategoryPage.java:37)
at page.AddCategoryPage.newCategoryDisplayedValidation(AddCategoryPage.java:37)
at page.AddCategoryPage.newCategoryDisplayedValidation(AddCategoryPage.java:37)
at page.AddCategoryPage.newCategoryDisplayedValidation(AddCategoryPage.java:37)
at page.AddCategoryPage.newCategoryDisplayedValidation(AddCategoryPage.java:37)
at page.AddCategoryPage.newCategoryDisplayedValidation(AddCategoryPage.java:37)
at page.AddCategoryPage.newCategoryDisplayedValidation(AddCategoryPage.java:37)
at page.AddCategoryPage.newCategoryDisplayedValidation(AddCategoryPage.java:37)
at page.AddCategoryPage.newCategoryDisplayedValidation(AddCategoryPage.java:37)
at page.AddCategoryPage.newCategoryDisplayedValidation(AddCategoryPage.java:37)
at page.AddCategoryPage.newCategoryDisplayedValidation(AddCategoryPage.java:37)
at page.AddCategoryPage.newCategoryDisplayedValidation(AddCategoryPage.java:37)
at page.AddCategoryPage.newCategoryDisplayedValidation(AddCategoryPage.java:37)
at page.AddCategoryPage.newCategoryDisplayedValidation(AddCategoryPage.java:37)
at page.AddCategoryPage.newCategoryDisplayedValidation(AddCategoryPage.java:37)
at page.AddCategoryPage.newCategoryDisplayedValidation(AddCategoryPage.java:37)
at page.AddCategoryPage.newCategoryDisplayedValidation(AddCategoryPage.java:37)
at page.AddCategoryPage.newCategoryDisplayedValidation(AddCategoryPage.java:37)
at page.AddCategoryPage.newCategoryDisplayedValidation(AddCategoryPage.java:37)
at page.AddCategoryPage.newCategoryDisplayedValidation(AddCategoryPage.java:37)
at page.AddCategoryPage.newCategoryDisplayedValidation(AddCategoryPage.java:37)
at page.AddCategoryPage.newCategoryDisplayedValidation(AddCategoryPage.java:37)
at page.AddCategoryPage.newCategoryDisplayedValidation(AddCategoryPage.java:37)
at page.AddCategoryPage.newCategoryDisplayedValidation(AddCategoryPage.java:37)
at page.AddCategoryPage.newCategoryDisplayedValidation(AddCategoryPage.java:37)
at page.AddCategoryPage.newCategoryDisplayedValidation(AddCategoryPage.java:37)
at page.AddCategoryPage.newCategoryDisplayedValidation(AddCategoryPage.java:37)
at page.AddCategoryPage.newCategoryDisplayedValidation(AddCategoryPage.java:37)
at page.AddCategoryPage.newCategoryDisplayedValidation(AddCategoryPage.java:37)
at page.AddCategoryPage.newCategoryDisplayedValidation(AddCategoryPage.java:37)
at page.AddCategoryPage.newCategoryDisplayedValidation(AddCategoryPage.java:37)
at page.AddCategoryPage.newCategoryDisplayedValidation(AddCategoryPage.java:37)
at page.AddCategoryPage.newCategoryDisplayedValidation(AddCategoryPage.java:37)
at page.AddCategoryPage.newCategoryDisplayedValidation(AddCategoryPage.java:37)
at page.AddCategoryPage.newCategoryDisplayedValidation(AddCategoryPage.java:37)
at page.AddCategoryPage.newCategoryDisplayedValidation(AddCategoryPage.java:37)
at page.AddCategoryPage.newCategoryDisplayedValidation(AddCategoryPage.java:37)
at page.AddCategoryPage.newCategoryDisplayedValidation(AddCategoryPage.java:37)
at page.AddCategoryPage.newCategoryDisplayedValidation(AddCategoryPage.java:37)
at page.AddCategoryPage.newCategoryDisplayedValidation(AddCategoryPage.java:37)
at page.AddCategoryPage.newCategoryDisplayedValidation(AddCategoryPage.java:37)
at page.AddCategoryPage.newCategoryDisplayedValidation(AddCategoryPage.java:37)
at page.AddCategoryPage.newCategoryDisplayedValidation(AddCategoryPage.java:37)
at page.AddCategoryPage.newCategoryDisplayedValidation(AddCategoryPage.java:37)
at page.AddCategoryPage.newCategoryDisplayedValidation(AddCategoryPage.java:37)
at page.AddCategoryPage.newCategoryDisplayedValidation(AddCategoryPage.java:37)
at page.AddCategoryPage.newCategoryDisplayedValidation(AddCategoryPage.java:37)
at page.AddCategoryPage.newCategoryDisplayedValidation(AddCategoryPage.java:37)
at page.AddCategoryPage.newCategoryDisplayedValidation(AddCategoryPage.java:37)
at page.AddCategoryPage.newCategoryDisplayedValidation(AddCategoryPage.java:37)
at page.AddCategoryPage.newCategoryDisplayedValidation(AddCategoryPage.java:37)
at page.AddCategoryPage.newCategoryDisplayedValidation(AddCategoryPage.java:37)
at page.AddCategoryPage.newCategoryDisplayedValidation(AddCategoryPage.java:37)
at page.AddCategoryPage.newCategoryDisplayedValidation(AddCategoryPage.java:37)
at page.AddCategoryPage.newCategoryDisplayedValidation(AddCategoryPage.java:37)
at page.AddCategoryPage.newCategoryDisplayedValidation(AddCategoryPage.java:37)
at page.AddCategoryPage.newCategoryDisplayedValidation(AddCategoryPage.java:37)
at page.AddCategoryPage.newCategoryDisplayedValidation(AddCategoryPage.java:37)
at page.AddCategoryPage.newCategoryDisplayedValidation(AddCategoryPage.java:37)
at page.AddCategoryPage.newCategoryDisplayedValidation(AddCategoryPage.java:37)
at page.AddCategoryPage.newCategoryDisplayedValidation(AddCategoryPage.java:37)
at page.AddCategoryPage.newCategoryDisplayedValidation(AddCategoryPage.java:37)
at page.AddCategoryPage.newCategoryDisplayedValidation(AddCategoryPage.java:37)
at page.AddCategoryPage.newCategoryDisplayedValidation(AddCategoryPage.java:37)
at page.AddCategoryPage.newCategoryDisplayedValidation(AddCategoryPage.java:37)
at page.AddCategoryPage.newCategoryDisplayedValidation(AddCategoryPage.java:37)
at page.AddCategoryPage.newCategoryDisplayedValidation(AddCategoryPage.java:37)
at page.AddCategoryPage.newCategoryDisplayedValidation(AddCategoryPage.java:37)
at page.AddCategoryPage.newCategoryDisplayedValidation(AddCategoryPage.java:37)
at page.AddCategoryPage.newCategoryDisplayedValidation(AddCategoryPage.java:37)
at page.AddCategoryPage.newCategoryDisplayedValidation(AddCategoryPage.java:37)
at page.AddCategoryPage.newCategoryDisplayedValidation(AddCategoryPage.java:37)
at page.AddCategoryPage.newCategoryDisplayedValidation(AddCategoryPage.java:37)
at page.AddCategoryPage.newCategoryDisplayedValidation(AddCategoryPage.java:37)
at page.AddCategoryPage.newCategoryDisplayedValidation(AddCategoryPage.java:37)
at page.AddCategoryPage.newCategoryDisplayedValidation(AddCategoryPage.java:37)
at page.AddCategoryPage.newCategoryDisplayedValidation(AddCategoryPage.java:37)
at page.AddCategoryPage.newCategoryDisplayedValidation(AddCategoryPage.java:37)
at page.AddCategoryPage.newCategoryDisplayedValidation(AddCategoryPage.java:37)
at page.AddCategoryPage.newCategoryDisplayedValidation(AddCategoryPage.java:37)
at page.AddCategoryPage.newCategoryDisplayedValidation(AddCategoryPage.java:37)
at page.AddCategoryPage.newCategoryDisplayedValidation(AddCategoryPage.java:37)
at page.AddCategoryPage.newCategoryDisplayedValidation(AddCategoryPage.java:37)
at page.AddCategoryPage.newCategoryDisplayedValidation(AddCategoryPage.java:37)
at page.AddCategoryPage.newCategoryDisplayedValidation(AddCategoryPage.java:37)
at page.AddCategoryPage.newCategoryDisplayedValidation(AddCategoryPage.java:37)
at page.AddCategoryPage.newCategoryDisplayedValidation(AddCategoryPage.java:37)
at page.AddCategoryPage.newCategoryDisplayedValidation(AddCategoryPage.java:37)
at page.AddCategoryPage.newCategoryDisplayedValidation(AddCategoryPage.java:37)
at page.AddCategoryPage.newCategoryDisplayedValidation(AddCategoryPage.java:37)
at page.AddCategoryPage.newCategoryDisplayedValidation(AddCategoryPage.java:37)
at page.AddCategoryPage.newCategoryDisplayedValidation(AddCategoryPage.java:37)
at page.AddCategoryPage.newCategoryDisplayedValidation(AddCategoryPage.java:37)
at page.AddCategoryPage.newCategoryDisplayedValidation(AddCategoryPage.java:37)
at page.AddCategoryPage.newCategoryDisplayedValidation(AddCategoryPage.java:37)
at page.AddCategoryPage.newCategoryDisplayedValidation(AddCategoryPage.java:37)
at page.AddCategoryPage.newCategoryDisplayedValidation(AddCategoryPage.java:37)
at page.AddCategoryPage.newCategoryDisplayedValidation(AddCategoryPage.java:37)
at page.AddCategoryPage.newCategoryDisplayedValidation(AddCategoryPage.java:37)
at page.AddCategoryPage.newCategoryDisplayedValidation(AddCategoryPage.java:37)
at page.AddCategoryPage.newCategoryDisplayedValidation(AddCategoryPage.java:37)
at page.AddCategoryPage.newCategoryDisplayedValidation(AddCategoryPage.java:37)
at page.AddCategoryPage.newCategoryDisplayedValidation(AddCategoryPage.java:37)
at page.AddCategoryPage.newCategoryDisplayedValidation(AddCategoryPage.java:37)
at page.AddCategoryPage.newCategoryDisplayedValidation(AddCategoryPage.java:37)
at page.AddCategoryPage.newCategoryDisplayedValidation(AddCategoryPage.java:37)
at page.AddCategoryPage.newCategoryDisplayedValidation(AddCategoryPage.java:37)
at page.AddCategoryPage.newCategoryDisplayedValidation(AddCategoryPage.java:37)
at page.AddCategoryPage.newCategoryDisplayedValidation(AddCategoryPage.java:37)
at page.AddCategoryPage.newCategoryDisplayedValidation(AddCategoryPage.java:37)
at page.AddCategoryPage.newCategoryDisplayedValidation(AddCategoryPage.java:37)
at page.AddCategoryPage.newCategoryDisplayedValidation(AddCategoryPage.java:37)
at page.AddCategoryPage.newCategoryDisplayedValidation(AddCategoryPage.java:37)
at page.AddCategoryPage.newCategoryDisplayedValidation(AddCategoryPage.java:37)
at page.AddCategoryPage.newCategoryDisplayedValidation(AddCategoryPage.java:37)
at page.AddCategoryPage.newCategoryDisplayedValidation(AddCategoryPage.java:37)
at page.AddCategoryPage.newCategoryDisplayedValidation(AddCategoryPage.java:37)
at page.AddCategoryPage.newCategoryDisplayedValidation(AddCategoryPage.java:37)
at page.AddCategoryPage.newCategoryDisplayedValidation(AddCategoryPage.java:37)
at page.AddCategoryPage.newCategoryDisplayedValidation(AddCategoryPage.java:37)
at page.AddCategoryPage.newCategoryDisplayedValidation(AddCategoryPage.java:37)
at page.AddCategoryPage.newCategoryDisplayedValidation(AddCategoryPage.java:37)
at page.AddCategoryPage.newCategoryDisplayedValidation(AddCategoryPage.java:37)
at page.AddCategoryPage.newCategoryDisplayedValidation(AddCategoryPage.java:37)
at page.AddCategoryPage.newCategoryDisplayedValidation(AddCategoryPage.java:37)
at page.AddCategoryPage.newCategoryDisplayedValidation(AddCategoryPage.java:37)
at page.AddCategoryPage.newCategoryDisplayedValidation(AddCategoryPage.java:37)
at page.AddCategoryPage.newCategoryDisplayedValidation(AddCategoryPage.java:37)
at page.AddCategoryPage.newCategoryDisplayedValidation(AddCategoryPage.java:37)
at page.AddCategoryPage.newCategoryDisplayedValidation(AddCategoryPage.java:37)
at page.AddCategoryPage.newCategoryDisplayedValidation(AddCategoryPage.java:37)
at page.AddCategoryPage.newCategoryDisplayedValidation(AddCategoryPage.java:37)
at page.AddCategoryPage.newCategoryDisplayedValidation(AddCategoryPage.java:37)
at page.AddCategoryPage.newCategoryDisplayedValidation(AddCategoryPage.java:37)
at page.AddCategoryPage.newCategoryDisplayedValidation(AddCategoryPage.java:37)
at page.AddCategoryPage.newCategoryDisplayedValidation(AddCategoryPage.java:37)
at page.AddCategoryPage.newCategoryDisplayedValidation(AddCategoryPage.java:37)
at page.AddCategoryPage.newCategoryDisplayedValidation(AddCategoryPage.java:37)
at page.AddCategoryPage.newCategoryDisplayedValidation(AddCategoryPage.java:37)
at page.AddCategoryPage.newCategoryDisplayedValidation(AddCategoryPage.java:37)
at page.AddCategoryPage.newCategoryDisplayedValidation(AddCategoryPage.java:37)
at page.AddCategoryPage.newCategoryDisplayedValidation(AddCategoryPage.java:37)
at page.AddCategoryPage.newCategoryDisplayedValidation(AddCategoryPage.java:37)
at page.AddCategoryPage.newCategoryDisplayedValidation(AddCategoryPage.java:37)
at page.AddCategoryPage.newCategoryDisplayedValidation(AddCategoryPage.java:37)
at page.AddCategoryPage.newCategoryDisplayedValidation(AddCategoryPage.java:37)
at page.AddCategoryPage.newCategoryDisplayedValidation(AddCategoryPage.java:37)
at page.AddCategoryPage.newCategoryDisplayedValidation(AddCategoryPage.java:37)
at page.AddCategoryPage.newCategoryDisplayedValidation(AddCategoryPage.java:37)
at page.AddCategoryPage.newCategoryDisplayedValidation(AddCategoryPage.java:37)
at page.AddCategoryPage.newCategoryDisplayedValidation(AddCategoryPage.java:37)
at page.AddCategoryPage.newCategoryDisplayedValidation(AddCategoryPage.java:37)
at page.AddCategoryPage.newCategoryDisplayedValidation(AddCategoryPage.java:37)
at page.AddCategoryPage.newCategoryDisplayedValidation(AddCategoryPage.java:37)
at page.AddCategoryPage.newCategoryDisplayedValidation(AddCategoryPage.java:37)
at page.AddCategoryPage.newCategoryDisplayedValidation(AddCategoryPage.java:37)
at page.AddCategoryPage.newCategoryDisplayedValidation(AddCategoryPage.java:37)
at page.AddCategoryPage.newCategoryDisplayedValidation(AddCategoryPage.java:37)
at page.AddCategoryPage.newCategoryDisplayedValidation(AddCategoryPage.java:37)
at page.AddCategoryPage.newCategoryDisplayedValidation(AddCategoryPage.java:37)
at page.AddCategoryPage.newCategoryDisplayedValidation(AddCategoryPage.java:37)
at page.AddCategoryPage.newCategoryDisplayedValidation(AddCategoryPage.java:37)
at page.AddCategoryPage.newCategoryDisplayedValidation(AddCategoryPage.java:37)
at page.AddCategoryPage.newCategoryDisplayedValidation(AddCategoryPage.java:37)
at page.AddCategoryPage.newCategoryDisplayedValidation(AddCategoryPage.java:37)
at page.AddCategoryPage.newCategoryDisplayedValidation(AddCategoryPage.java:37)
at page.AddCategoryPage.newCategoryDisplayedValidation(AddCategoryPage.java:37)
at page.AddCategoryPage.newCategoryDisplayedValidation(AddCategoryPage.java:37)
at page.AddCategoryPage.newCategoryDisplayedValidation(AddCategoryPage.java:37)
at page.AddCategoryPage.newCategoryDisplayedValidation(AddCategoryPage.java:37)
at page.AddCategoryPage.newCategoryDisplayedValidation(AddCategoryPage.java:37)
at page.AddCategoryPage.newCategoryDisplayedValidation(AddCategoryPage.java:37)
at page.AddCategoryPage.newCategoryDisplayedValidation(AddCategoryPage.java:37)
at page.AddCategoryPage.newCategoryDisplayedValidation(AddCategoryPage.java:37)
at page.AddCategoryPage.newCategoryDisplayedValidation(AddCategoryPage.java:37)
at page.AddCategoryPage.newCategoryDisplayedValidation(AddCategoryPage.java:37)
at page.AddCategoryPage.newCategoryDisplayedValidation(AddCategoryPage.java:37)
at page.AddCategoryPage.newCategoryDisplayedValidation(AddCategoryPage.java:37)
at page.AddCategoryPage.newCategoryDisplayedValidation(AddCategoryPage.java:37)
at page.AddCategoryPage.newCategoryDisplayedValidation(AddCategoryPage.java:37)
at page.AddCategoryPage.newCategoryDisplayedValidation(AddCategoryPage.java:37)
at page.AddCategoryPage.newCategoryDisplayedValidation(AddCategoryPage.java:37)
at page.AddCategoryPage.newCategoryDisplayedValidation(AddCategoryPage.java:37)
at page.AddCategoryPage.newCategoryDisplayedValidation(AddCategoryPage.java:37)
at page.AddCategoryPage.newCategoryDisplayedValidation(AddCategoryPage.java:37)
at page.AddCategoryPage.newCategoryDisplayedValidation(AddCategoryPage.java:37)
at page.AddCategoryPage.newCategoryDisplayedValidation(AddCategoryPage.java:37)
at page.AddCategoryPage.newCategoryDisplayedValidation(AddCategoryPage.java:37)
at page.AddCategoryPage.newCategoryDisplayedValidation(AddCategoryPage.java:37)
at page.AddCategoryPage.newCategoryDisplayedValidation(AddCategoryPage.java:37)
at page.AddCategoryPage.newCategoryDisplayedValidation(AddCategoryPage.java:37)
at page.AddCategoryPage.newCategoryDisplayedValidation(AddCategoryPage.java:37)
at page.AddCategoryPage.newCategoryDisplayedValidation(AddCategoryPage.java:37)
at page.AddCategoryPage.newCategoryDisplayedValidation(AddCategoryPage.java:37)
at page.AddCategoryPage.newCategoryDisplayedValidation(AddCategoryPage.java:37)
at page.AddCategoryPage.newCategoryDisplayedValidation(AddCategoryPage.java:37)
at page.AddCategoryPage.newCategoryDisplayedValidation(AddCategoryPage.java:37)
at page.AddCategoryPage.newCategoryDisplayedValidation(AddCategoryPage.java:37)
at page.AddCategoryPage.newCategoryDisplayedValidation(AddCategoryPage.java:37)
at page.AddCategoryPage.newCategoryDisplayedValidation(AddCategoryPage.java:37)
at page.AddCategoryPage.newCategoryDisplayedValidation(AddCategoryPage.java:37)
at page.AddCategoryPage.newCategoryDisplayedValidation(AddCategoryPage.java:37)
at page.AddCategoryPage.newCategoryDisplayedValidation(AddCategoryPage.java:37)
at page.AddCategoryPage.newCategoryDisplayedValidation(AddCategoryPage.java:37)
at page.AddCategoryPage.newCategoryDisplayedValidation(AddCategoryPage.java:37)
at page.AddCategoryPage.newCategoryDisplayedValidation(AddCategoryPage.java:37)
at page.AddCategoryPage.newCategoryDisplayedValidation(AddCategoryPage.java:37)
at page.AddCategoryPage.newCategoryDisplayedValidation(AddCategoryPage.java:37)
at page.AddCategoryPage.newCategoryDisplayedValidation(AddCategoryPage.java:37)
at page.AddCategoryPage.newCategoryDisplayedValidation(AddCategoryPage.java:37)
at page.AddCategoryPage.newCategoryDisplayedValidation(AddCategoryPage.java:37)
at page.AddCategoryPage.newCategoryDisplayedValidation(AddCategoryPage.java:37)
at page.AddCategoryPage.newCategoryDisplayedValidation(AddCategoryPage.java:37)
at page.AddCategoryPage.newCategoryDisplayedValidation(AddCategoryPage.java:37)
at page.AddCategoryPage.newCategoryDisplayedValidation(AddCategoryPage.java:37)
at page.AddCategoryPage.newCategoryDisplayedValidation(AddCategoryPage.java:37)
at page.AddCategoryPage.newCategoryDisplayedValidation(AddCategoryPage.java:37)
at page.AddCategoryPage.newCategoryDisplayedValidation(AddCategoryPage.java:37)
at page.AddCategoryPage.newCategoryDisplayedValidation(AddCategoryPage.java:37)
at page.AddCategoryPage.newCategoryDisplayedValidation(AddCategoryPage.java:37)
at page.AddCategoryPage.newCategoryDisplayedValidation(AddCategoryPage.java:37)
at page.AddCategoryPage.newCategoryDisplayedValidation(AddCategoryPage.java:37)
at page.AddCategoryPage.newCategoryDisplayedValidation(AddCategoryPage.java:37)
at page.AddCategoryPage.newCategoryDisplayedValidation(AddCategoryPage.java:37)
at page.AddCategoryPage.newCategoryDisplayedValidation(AddCategoryPage.java:37)
at page.AddCategoryPage.newCategoryDisplayedValidation(AddCategoryPage.java:37)
at page.AddCategoryPage.newCategoryDisplayedValidation(AddCategoryPage.java:37)
at page.AddCategoryPage.newCategoryDisplayedValidation(AddCategoryPage.java:37)
at page.AddCategoryPage.newCategoryDisplayedValidation(AddCategoryPage.java:37)
at page.AddCategoryPage.newCategoryDisplayedValidation(AddCategoryPage.java:37)
at page.AddCategoryPage.newCategoryDisplayedValidation(AddCategoryPage.java:37)
at page.AddCategoryPage.newCategoryDisplayedValidation(AddCategoryPage.java:37)
at page.AddCategoryPage.newCategoryDisplayedValidation(AddCategoryPage.java:37)
at page.AddCategoryPage.newCategoryDisplayedValidation(AddCategoryPage.java:37)
at page.AddCategoryPage.newCategoryDisplayedValidation(AddCategoryPage.java:37)
at page.AddCategoryPage.newCategoryDisplayedValidation(AddCategoryPage.java:37)
at page.AddCategoryPage.newCategoryDisplayedValidation(AddCategoryPage.java:37)
at page.AddCategoryPage.newCategoryDisplayedValidation(AddCategoryPage.java:37)
at page.AddCategoryPage.newCategoryDisplayedValidation(AddCategoryPage.java:37)
at page.AddCategoryPage.newCategoryDisplayedValidation(AddCategoryPage.java:37)
at page.AddCategoryPage.newCategoryDisplayedValidation(AddCategoryPage.java:37)
at page.AddCategoryPage.newCategoryDisplayedValidation(AddCategoryPage.java:37)
at page.AddCategoryPage.newCategoryDisplayedValidation(AddCategoryPage.java:37)
at page.AddCategoryPage.newCategoryDisplayedValidation(AddCategoryPage.java:37)
at page.AddCategoryPage.newCategoryDisplayedValidation(AddCategoryPage.java:37)
at page.AddCategoryPage.newCategoryDisplayedValidation(AddCategoryPage.java:37)
at page.AddCategoryPage.newCategoryDisplayedValidation(AddCategoryPage.java:37)
at page.AddCategoryPage.newCategoryDisplayedValidation(AddCategoryPage.java:37)
at page.AddCategoryPage.newCategoryDisplayedValidation(AddCategoryPage.java:37)
at page.AddCategoryPage.newCategoryDisplayedValidation(AddCategoryPage.java:37)
at page.AddCategoryPage.newCategoryDisplayedValidation(AddCategoryPage.java:37)
at page.AddCategoryPage.newCategoryDisplayedValidation(AddCategoryPage.java:37)
at page.AddCategoryPage.newCategoryDisplayedValidation(AddCategoryPage.java:37)
at page.AddCategoryPage.newCategoryDisplayedValidation(AddCategoryPage.java:37)
at page.AddCategoryPage.newCategoryDisplayedValidation(AddCategoryPage.java:37)
at page.AddCategoryPage.newCategoryDisplayedValidation(AddCategoryPage.java:37)
at page.AddCategoryPage.newCategoryDisplayedValidation(AddCategoryPage.java:37)
at page.AddCategoryPage.newCategoryDisplayedValidation(AddCategoryPage.java:37)
at page.AddCategoryPage.newCategoryDisplayedValidation(AddCategoryPage.java:37)
at page.AddCategoryPage.newCategoryDisplayedValidation(AddCategoryPage.java:37)
at page.AddCategoryPage.newCategoryDisplayedValidation(AddCategoryPage.java:37)
at page.AddCategoryPage.newCategoryDisplayedValidation(AddCategoryPage.java:37)
at page.AddCategoryPage.newCategoryDisplayedValidation(AddCategoryPage.java:37)
at page.AddCategoryPage.newCategoryDisplayedValidation(AddCategoryPage.java:37)
at page.AddCategoryPage.newCategoryDisplayedValidation(AddCategoryPage.java:37)
at page.AddCategoryPage.newCategoryDisplayedValidation(AddCategoryPage.java:37)
at page.AddCategoryPage.newCategoryDisplayedValidation(AddCategoryPage.java:37)
at page.AddCategoryPage.newCategoryDisplayedValidation(AddCategoryPage.java:37)
at page.AddCategoryPage.newCategoryDisplayedValidation(AddCategoryPage.java:37)
at page.AddCategoryPage.newCategoryDisplayedValidation(AddCategoryPage.java:37)
at page.AddCategoryPage.newCategoryDisplayedValidation(AddCategoryPage.java:37)
at page.AddCategoryPage.newCategoryDisplayedValidation(AddCategoryPage.java:37)
at page.AddCategoryPage.newCategoryDisplayedValidation(AddCategoryPage.java:37)
at page.AddCategoryPage.newCategoryDisplayedValidation(AddCategoryPage.java:37)
at page.AddCategoryPage.newCategoryDisplayedValidation(AddCategoryPage.java:37)
at page.AddCategoryPage.newCategoryDisplayedValidation(AddCategoryPage.java:37)
at page.AddCategoryPage.newCategoryDisplayedValidation(AddCategoryPage.java:37)
at page.AddCategoryPage.newCategoryDisplayedValidation(AddCategoryPage.java:37)
at page.AddCategoryPage.newCategoryDisplayedValidation(AddCategoryPage.java:37)
at page.AddCategoryPage.newCategoryDisplayedValidation(AddCategoryPage.java:37)
at page.AddCategoryPage.newCategoryDisplayedValidation(AddCategoryPage.java:37)
at page.AddCategoryPage.newCategoryDisplayedValidation(AddCategoryPage.java:37)
at page.AddCategoryPage.newCategoryDisplayedValidation(AddCategoryPage.java:37)
at page.AddCategoryPage.newCategoryDisplayedValidation(AddCategoryPage.java:37)
at page.AddCategoryPage.newCategoryDisplayedValidation(AddCategoryPage.java:37)
at page.AddCategoryPage.newCategoryDisplayedValidation(AddCategoryPage.java:37)
at page.AddCategoryPage.newCategoryDisplayedValidation(AddCategoryPage.java:37)
at page.AddCategoryPage.newCategoryDisplayedValidation(AddCategoryPage.java:37)
at page.AddCategoryPage.newCategoryDisplayedValidation(AddCategoryPage.java:37)
at page.AddCategoryPage.newCategoryDisplayedValidation(AddCategoryPage.java:37)
at page.AddCategoryPage.newCategoryDisplayedValidation(AddCategoryPage.java:37)
at page.AddCategoryPage.newCategoryDisplayedValidation(AddCategoryPage.java:37)
at page.AddCategoryPage.newCategoryDisplayedValidation(AddCategoryPage.java:37)
at page.AddCategoryPage.newCategoryDisplayedValidation(AddCategoryPage.java:37)
at page.AddCategoryPage.newCategoryDisplayedValidation(AddCategoryPage.java:37)
at page.AddCategoryPage.newCategoryDisplayedValidation(AddCategoryPage.java:37)
at page.AddCategoryPage.newCategoryDisplayedValidation(AddCategoryPage.java:37)
at page.AddCategoryPage.newCategoryDisplayedValidation(AddCategoryPage.java:37)
at page.AddCategoryPage.newCategoryDisplayedValidation(AddCategoryPage.java:37)
at page.AddCategoryPage.newCategoryDisplayedValidation(AddCategoryPage.java:37)
at page.AddCategoryPage.newCategoryDisplayedValidation(AddCategoryPage.java:37)
at page.AddCategoryPage.newCategoryDisplayedValidation(AddCategoryPage.java:37)
at page.AddCategoryPage.newCategoryDisplayedValidation(AddCategoryPage.java:37)
at page.AddCategoryPage.newCategoryDisplayedValidation(AddCategoryPage.java:37)
at page.AddCategoryPage.newCategoryDisplayedValidation(AddCategoryPage.java:37)
at page.AddCategoryPage.newCategoryDisplayedValidation(AddCategoryPage.java:37)
at page.AddCategoryPage.newCategoryDisplayedValidation(AddCategoryPage.java:37)
at page.AddCategoryPage.newCategoryDisplayedValidation(AddCategoryPage.java:37)
at page.AddCategoryPage.newCategoryDisplayedValidation(AddCategoryPage.java:37)
at page.AddCategoryPage.newCategoryDisplayedValidation(AddCategoryPage.java:37)
at page.AddCategoryPage.newCategoryDisplayedValidation(AddCategoryPage.java:37)
at page.AddCategoryPage.newCategoryDisplayedValidation(AddCategoryPage.java:37)
at page.AddCategoryPage.newCategoryDisplayedValidation(AddCategoryPage.java:37)
at page.AddCategoryPage.newCategoryDisplayedValidation(AddCategoryPage.java:37)
at page.AddCategoryPage.newCategoryDisplayedValidation(AddCategoryPage.java:37)
at page.AddCategoryPage.newCategoryDisplayedValidation(AddCategoryPage.java:37)
at page.AddCategoryPage.newCategoryDisplayedValidation(AddCategoryPage.java:37)
at page.AddCategoryPage.newCategoryDisplayedValidation(AddCategoryPage.java:37)
at page.AddCategoryPage.newCategoryDisplayedValidation(AddCategoryPage.java:37)
at page.AddCategoryPage.newCategoryDisplayedValidation(AddCategoryPage.java:37)
at page.AddCategoryPage.newCategoryDisplayedValidation(AddCategoryPage.java:37)
at page.AddCategoryPage.newCategoryDisplayedValidation(AddCategoryPage.java:37)
at page.AddCategoryPage.newCategoryDisplayedValidation(AddCategoryPage.java:37)
at page.AddCategoryPage.newCategoryDisplayedValidation(AddCategoryPage.java:37)
at page.AddCategoryPage.newCategoryDisplayedValidation(AddCategoryPage.java:37)
at page.AddCategoryPage.newCategoryDisplayedValidation(AddCategoryPage.java:37)
at page.AddCategoryPage.newCategoryDisplayedValidation(AddCategoryPage.java:37)
at page.AddCategoryPage.newCategoryDisplayedValidation(AddCategoryPage.java:37)
at page.AddCategoryPage.newCategoryDisplayedValidation(AddCategoryPage.java:37)
at page.AddCategoryPage.newCategoryDisplayedValidation(AddCategoryPage.java:37)
at page.AddCategoryPage.newCategoryDisplayedValidation(AddCategoryPage.java:37)
at page.AddCategoryPage.newCategoryDisplayedValidation(AddCategoryPage.java:37)
at page.AddCategoryPage.newCategoryDisplayedValidation(AddCategoryPage.java:37)
at page.AddCategoryPage.newCategoryDisplayedValidation(AddCategoryPage.java:37)
at page.AddCategoryPage.newCategoryDisplayedValidation(AddCategoryPage.java:37)
at page.AddCategoryPage.newCategoryDisplayedValidation(AddCategoryPage.java:37)
at page.AddCategoryPage.newCategoryDisplayedValidation(AddCategoryPage.java:37)
at page.AddCategoryPage.newCategoryDisplayedValidation(AddCategoryPage.java:37)
at page.AddCategoryPage.newCategoryDisplayedValidation(AddCategoryPage.java:37)
at page.AddCategoryPage.newCategoryDisplayedValidation(AddCategoryPage.java:37)
at page.AddCategoryPage.newCategoryDisplayedValidation(AddCategoryPage.java:37)
at page.AddCategoryPage.newCategoryDisplayedValidation(AddCategoryPage.java:37)
at page.AddCategoryPage.newCategoryDisplayedValidation(AddCategoryPage.java:37)
at page.AddCategoryPage.newCategoryDisplayedValidation(AddCategoryPage.java:37)
at page.AddCategoryPage.newCategoryDisplayedValidation(AddCategoryPage.java:37)
at page.AddCategoryPage.newCategoryDisplayedValidation(AddCategoryPage.java:37)
at page.AddCategoryPage.newCategoryDisplayedValidation(AddCategoryPage.java:37)
at page.AddCategoryPage.newCategoryDisplayedValidation(AddCategoryPage.java:37)
at page.AddCategoryPage.newCategoryDisplayedValidation(AddCategoryPage.java:37)
at page.AddCategoryPage.newCategoryDisplayedValidation(AddCategoryPage.java:37)
at page.AddCategoryPage.newCategoryDisplayedValidation(AddCategoryPage.java:37)
at page.AddCategoryPage.newCategoryDisplayedValidation(AddCategoryPage.java:37)
at page.AddCategoryPage.newCategoryDisplayedValidation(AddCategoryPage.java:37)
at page.AddCategoryPage.newCategoryDisplayedValidation(AddCategoryPage.java:37)
at page.AddCategoryPage.newCategoryDisplayedValidation(AddCategoryPage.java:37)
at page.AddCategoryPage.newCategoryDisplayedValidation(AddCategoryPage.java:37)
at page.AddCategoryPage.newCategoryDisplayedValidation(AddCategoryPage.java:37)
at page.AddCategoryPage.newCategoryDisplayedValidation(AddCategoryPage.java:37)
at page.AddCategoryPage.newCategoryDisplayedValidation(AddCategoryPage.java:37)
at page.AddCategoryPage.newCategoryDisplayedValidation(AddCategoryPage.java:37)
at page.AddCategoryPage.newCategoryDisplayedValidation(AddCategoryPage.java:37)
at page.AddCategoryPage.newCategoryDisplayedValidation(AddCategoryPage.java:37)
at page.AddCategoryPage.newCategoryDisplayedValidation(AddCategoryPage.java:37)
at page.AddCategoryPage.newCategoryDisplayedValidation(AddCategoryPage.java:37)
at page.AddCategoryPage.newCategoryDisplayedValidation(AddCategoryPage.java:37)
at page.AddCategoryPage.newCategoryDisplayedValidation(AddCategoryPage.java:37)
at page.AddCategoryPage.newCategoryDisplayedValidation(AddCategoryPage.java:37)
at page.AddCategoryPage.newCategoryDisplayedValidation(AddCategoryPage.java:37)
at page.AddCategoryPage.newCategoryDisplayedValidation(AddCategoryPage.java:37)
at page.AddCategoryPage.newCategoryDisplayedValidation(AddCategoryPage.java:37)
at page.AddCategoryPage.newCategoryDisplayedValidation(AddCategoryPage.java:37)
at page.AddCategoryPage.newCategoryDisplayedValidation(AddCategoryPage.java:37)
at page.AddCategoryPage.newCategoryDisplayedValidation(AddCategoryPage.java:37)
at page.AddCategoryPage.newCategoryDisplayedValidation(AddCategoryPage.java:37)
at page.AddCategoryPage.newCategoryDisplayedValidation(AddCategoryPage.java:37)
at page.AddCategoryPage.newCategoryDisplayedValidation(AddCategoryPage.java:37)
at page.AddCategoryPage.newCategoryDisplayedValidation(AddCategoryPage.java:37)
at page.AddCategoryPage.newCategoryDisplayedValidation(AddCategoryPage.java:37)
at page.AddCategoryPage.newCategoryDisplayedValidation(AddCategoryPage.java:37)
at page.AddCategoryPage.newCategoryDisplayedValidation(AddCategoryPage.java:37)
at page.AddCategoryPage.newCategoryDisplayedValidation(AddCategoryPage.java:37)
at page.AddCategoryPage.newCategoryDisplayedValidation(AddCategoryPage.java:37)
at page.AddCategoryPage.newCategoryDisplayedValidation(AddCategoryPage.java:37)
at page.AddCategoryPage.newCategoryDisplayedValidation(AddCategoryPage.java:37)
at page.AddCategoryPage.newCategoryDisplayedValidation(AddCategoryPage.java:37)
at page.AddCategoryPage.newCategoryDisplayedValidation(AddCategoryPage.java:37)
at page.AddCategoryPage.newCategoryDisplayedValidation(AddCategoryPage.java:37)
at page.AddCategoryPage.newCategoryDisplayedValidation(AddCategoryPage.java:37)
at page.AddCategoryPage.newCategoryDisplayedValidation(AddCategoryPage.java:37)
at page.AddCategoryPage.newCategoryDisplayedValidation(AddCategoryPage.java:37)
at page.AddCategoryPage.newCategoryDisplayedValidation(AddCategoryPage.java:37)
at page.AddCategoryPage.newCategoryDisplayedValidation(AddCategoryPage.java:37)
at page.AddCategoryPage.newCategoryDisplayedValidation(AddCategoryPage.java:37)
at page.AddCategoryPage.newCategoryDisplayedValidation(AddCategoryPage.java:37)
at page.AddCategoryPage.newCategoryDisplayedValidation(AddCategoryPage.java:37)
at page.AddCategoryPage.newCategoryDisplayedValidation(AddCategoryPage.java:37)
at page.AddCategoryPage.newCategoryDisplayedValidation(AddCategoryPage.java:37)
at page.AddCategoryPage.newCategoryDisplayedValidation(AddCategoryPage.java:37)
at page.AddCategoryPage.newCategoryDisplayedValidation(AddCategoryPage.java:37)
at page.AddCategoryPage.newCategoryDisplayedValidation(AddCategoryPage.java:37)
at page.AddCategoryPage.newCategoryDisplayedValidation(AddCategoryPage.java:37)
at page.AddCategoryPage.newCategoryDisplayedValidation(AddCategoryPage.java:37)
at page.AddCategoryPage.newCategoryDisplayedValidation(AddCategoryPage.java:37)
at page.AddCategoryPage.newCategoryDisplayedValidation(AddCategoryPage.java:37)
at page.AddCategoryPage.newCategoryDisplayedValidation(AddCategoryPage.java:37)
at page.AddCategoryPage.newCategoryDisplayedValidation(AddCategoryPage.java:37)
at page.AddCategoryPage.newCategoryDisplayedValidation(AddCategoryPage.java:37)
at page.AddCategoryPage.newCategoryDisplayedValidation(AddCategoryPage.java:37)
at page.AddCategoryPage.newCategoryDisplayedValidation(AddCategoryPage.java:37)
at page.AddCategoryPage.newCategoryDisplayedValidation(AddCategoryPage.java:37)
at page.AddCategoryPage.newCategoryDisplayedValidation(AddCategoryPage.java:37)
at page.AddCategoryPage.newCategoryDisplayedValidation(AddCategoryPage.java:37)
at page.AddCategoryPage.newCategoryDisplayedValidation(AddCategoryPage.java:37)
at page.AddCategoryPage.newCategoryDisplayedValidation(AddCategoryPage.java:37)
at page.AddCategoryPage.newCategoryDisplayedValidation(AddCategoryPage.java:37)
at page.AddCategoryPage.newCategoryDisplayedValidation(AddCategoryPage.java:37)
at page.AddCategoryPage.newCategoryDisplayedValidation(AddCategoryPage.java:37)
at page.AddCategoryPage.newCategoryDisplayedValidation(AddCategoryPage.java:37)
at page.AddCategoryPage.newCategoryDisplayedValidation(AddCategoryPage.java:37)
at page.AddCategoryPage.newCategoryDisplayedValidation(AddCategoryPage.java:37)
at page.AddCategoryPage.newCategoryDisplayedValidation(AddCategoryPage.java:37)
at page.AddCategoryPage.newCategoryDisplayedValidation(AddCategoryPage.java:37)
at page.AddCategoryPage.newCategoryDisplayedValidation(AddCategoryPage.java:37)
at page.AddCategoryPage.newCategoryDisplayedValidation(AddCategoryPage.java:37)
at page.AddCategoryPage.newCategoryDisplayedValidation(AddCategoryPage.java:37)
at page.AddCategoryPage.newCategoryDisplayedValidation(AddCategoryPage.java:37)
at page.AddCategoryPage.newCategoryDisplayedValidation(AddCategoryPage.java:37)
at page.AddCategoryPage.newCategoryDisplayedValidation(AddCategoryPage.java:37)
at page.AddCategoryPage.newCategoryDisplayedValidation(AddCategoryPage.java:37)
at page.AddCategoryPage.newCategoryDisplayedValidation(AddCategoryPage.java:37)
at page.AddCategoryPage.newCategoryDisplayedValidation(AddCategoryPage.java:37)
at page.AddCategoryPage.newCategoryDisplayedValidation(AddCategoryPage.java:37)
at page.AddCategoryPage.newCategoryDisplayedValidation(AddCategoryPage.java:37)
at page.AddCategoryPage.newCategoryDisplayedValidation(AddCategoryPage.java:37)
at page.AddCategoryPage.newCategoryDisplayedValidation(AddCategoryPage.java:37)
at page.AddCategoryPage.newCategoryDisplayedValidation(AddCategoryPage.java:37)
at page.AddCategoryPage.newCategoryDisplayedValidation(AddCategoryPage.java:37)
at page.AddCategoryPage.newCategoryDisplayedValidation(AddCategoryPage.java:37)
at page.AddCategoryPage.newCategoryDisplayedValidation(AddCategoryPage.java:37)
at page.AddCategoryPage.newCategoryDisplayedValidation(AddCategoryPage.java:37)
at page.AddCategoryPage.newCategoryDisplayedValidation(AddCategoryPage.java:37)
at page.AddCategoryPage.newCategoryDisplayedValidation(AddCategoryPage.java:37)
at page.AddCategoryPage.newCategoryDisplayedValidation(AddCategoryPage.java:37)
at page.AddCategoryPage.newCategoryDisplayedValidation(AddCategoryPage.java:37)
at page.AddCategoryPage.newCategoryDisplayedValidation(AddCategoryPage.java:37)
at page.AddCategoryPage.newCategoryDisplayedValidation(AddCategoryPage.java:37)
at page.AddCategoryPage.newCategoryDisplayedValidation(AddCategoryPage.java:37)
at page.AddCategoryPage.newCategoryDisplayedValidation(AddCategoryPage.java:37)
at page.AddCategoryPage.newCategoryDisplayedValidation(AddCategoryPage.java:37)
at page.AddCategoryPage.newCategoryDisplayedValidation(AddCategoryPage.java:37)
at page.AddCategoryPage.newCategoryDisplayedValidation(AddCategoryPage.java:37)
at page.AddCategoryPage.newCategoryDisplayedValidation(AddCategoryPage.java:37)
at page.AddCategoryPage.newCategoryDisplayedValidation(AddCategoryPage.java:37)
at page.AddCategoryPage.newCategoryDisplayedValidation(AddCategoryPage.java:37)
at page.AddCategoryPage.newCategoryDisplayedValidation(AddCategoryPage.java:37)
at page.AddCategoryPage.newCategoryDisplayedValidation(AddCategoryPage.java:37)
at page.AddCategoryPage.newCategoryDisplayedValidation(AddCategoryPage.java:37)
at page.AddCategoryPage.newCategoryDisplayedValidation(AddCategoryPage.java:37)
at page.AddCategoryPage.newCategoryDisplayedValidation(AddCategoryPage.java:37)
at page.AddCategoryPage.newCategoryDisplayedValidation(AddCategoryPage.java:37)
at page.AddCategoryPage.newCategoryDisplayedValidation(AddCategoryPage.java:37)
at page.AddCategoryPage.newCategoryDisplayedValidation(AddCategoryPage.java:37)
at page.AddCategoryPage.newCategoryDisplayedValidation(AddCategoryPage.java:37)
at page.AddCategoryPage.newCategoryDisplayedValidation(AddCategoryPage.java:37)
at page.AddCategoryPage.newCategoryDisplayedValidation(AddCategoryPage.java:37)
at page.AddCategoryPage.newCategoryDisplayedValidation(AddCategoryPage.java:37)
at page.AddCategoryPage.newCategoryDisplayedValidation(AddCategoryPage.java:37)
at page.AddCategoryPage.newCategoryDisplayedValidation(AddCategoryPage.java:37)
at page.AddCategoryPage.newCategoryDisplayedValidation(AddCategoryPage.java:37)
at page.AddCategoryPage.newCategoryDisplayedValidation(AddCategoryPage.java:37)
at page.AddCategoryPage.newCategoryDisplayedValidation(AddCategoryPage.java:37)
at page.AddCategoryPage.newCategoryDisplayedValidation(AddCategoryPage.java:37)
at page.AddCategoryPage.newCategoryDisplayedValidation(AddCategoryPage.java:37)
at page.AddCategoryPage.newCategoryDisplayedValidation(AddCategoryPage.java:37)
at page.AddCategoryPage.newCategoryDisplayedValidation(AddCategoryPage.java:37)
at page.AddCategoryPage.newCategoryDisplayedValidation(AddCategoryPage.java:37)
at page.AddCategoryPage.newCategoryDisplayedValidation(AddCategoryPage.java:37)
at page.AddCategoryPage.newCategoryDisplayedValidation(AddCategoryPage.java:37)
at page.AddCategoryPage.newCategoryDisplayedValidation(AddCategoryPage.java:37)
at page.AddCategoryPage.newCategoryDisplayedValidation(AddCategoryPage.java:37)
at page.AddCategoryPage.newCategoryDisplayedValidation(AddCategoryPage.java:37)
at page.AddCategoryPage.newCategoryDisplayedValidation(AddCategoryPage.java:37)
at page.AddCategoryPage.newCategoryDisplayedValidation(AddCategoryPage.java:37)
at page.AddCategoryPage.newCategoryDisplayedValidation(AddCategoryPage.java:37)
at page.AddCategoryPage.newCategoryDisplayedValidation(AddCategoryPage.java:37)
at page.AddCategoryPage.newCategoryDisplayedValidation(AddCategoryPage.java:37)
at page.AddCategoryPage.newCategoryDisplayedValidation(AddCategoryPage.java:37)
at page.AddCategoryPage.newCategoryDisplayedValidation(AddCategoryPage.java:37)
at page.AddCategoryPage.newCategoryDisplayedValidation(AddCategoryPage.java:37)
at page.AddCategoryPage.newCategoryDisplayedValidation(AddCategoryPage.java:37)
at page.AddCategoryPage.newCategoryDisplayedValidation(AddCategoryPage.java:37)
at page.AddCategoryPage.newCategoryDisplayedValidation(AddCategoryPage.java:37)
at page.AddCategoryPage.newCategoryDisplayedValidation(AddCategoryPage.java:37)
at page.AddCategoryPage.newCategoryDisplayedValidation(AddCategoryPage.java:37)
at page.AddCategoryPage.newCategoryDisplayedValidation(AddCategoryPage.java:37)
at page.AddCategoryPage.newCategoryDisplayedValidation(AddCategoryPage.java:37)
at page.AddCategoryPage.newCategoryDisplayedValidation(AddCategoryPage.java:37)
at page.AddCategoryPage.newCategoryDisplayedValidation(AddCategoryPage.java:37)
at page.AddCategoryPage.newCategoryDisplayedValidation(AddCategoryPage.java:37)
at page.AddCategoryPage.newCategoryDisplayedValidation(AddCategoryPage.java:37)
at page.AddCategoryPage.newCategoryDisplayedValidation(AddCategoryPage.java:37)
at page.AddCategoryPage.newCategoryDisplayedValidation(AddCategoryPage.java:37)
at page.AddCategoryPage.newCategoryDisplayedValidation(AddCategoryPage.java:37)
at page.AddCategoryPage.newCategoryDisplayedValidation(AddCategoryPage.java:37)
at page.AddCategoryPage.newCategoryDisplayedValidation(AddCategoryPage.java:37)
at page.AddCategoryPage.newCategoryDisplayedValidation(AddCategoryPage.java:37)
at page.AddCategoryPage.newCategoryDisplayedValidation(AddCategoryPage.java:37)
at page.AddCategoryPage.newCategoryDisplayedValidation(AddCategoryPage.java:37)
at page.AddCategoryPage.newCategoryDisplayedValidation(AddCategoryPage.java:37)
at page.AddCategoryPage.newCategoryDisplayedValidation(AddCategoryPage.java:37)
at page.AddCategoryPage.newCategoryDisplayedValidation(AddCategoryPage.java:37)
at page.AddCategoryPage.newCategoryDisplayedValidation(AddCategoryPage.java:37)
at page.AddCategoryPage.newCategoryDisplayedValidation(AddCategoryPage.java:37)
at page.AddCategoryPage.newCategoryDisplayedValidation(AddCategoryPage.java:37)
at page.AddCategoryPage.newCategoryDisplayedValidation(AddCategoryPage.java:37)
at page.AddCategoryPage.newCategoryDisplayedValidation(AddCategoryPage.java:37)
at page.AddCategoryPage.newCategoryDisplayedValidation(AddCategoryPage.java:37)
at page.AddCategoryPage.newCategoryDisplayedValidation(AddCategoryPage.java:37)
at page.AddCategoryPage.newCategoryDisplayedValidation(AddCategoryPage.java:37)
at page.AddCategoryPage.newCategoryDisplayedValidation(AddCategoryPage.java:37)
at page.AddCategoryPage.newCategoryDisplayedValidation(AddCategoryPage.java:37)
at page.AddCategoryPage.newCategoryDisplayedValidation(AddCategoryPage.java:37)
at page.AddCategoryPage.newCategoryDisplayedValidation(AddCategoryPage.java:37)
at page.AddCategoryPage.newCategoryDisplayedValidation(AddCategoryPage.java:37)
at page.AddCategoryPage.newCategoryDisplayedValidation(AddCategoryPage.java:37)
at page.AddCategoryPage.newCategoryDisplayedValidation(AddCategoryPage.java:37)
at page.AddCategoryPage.newCategoryDisplayedValidation(AddCategoryPage.java:37)
at page.AddCategoryPage.newCategoryDisplayedValidation(AddCategoryPage.java:37)
at page.AddCategoryPage.newCategoryDisplayedValidation(AddCategoryPage.java:37)
at page.AddCategoryPage.newCategoryDisplayedValidation(AddCategoryPage.java:37)
at page.AddCategoryPage.newCategoryDisplayedValidation(AddCategoryPage.java:37)
at page.AddCategoryPage.newCategoryDisplayedValidation(AddCategoryPage.java:37)
at page.AddCategoryPage.newCategoryDisplayedValidation(AddCategoryPage.java:37)
at page.AddCategoryPage.newCategoryDisplayedValidation(AddCategoryPage.java:37)
at page.AddCategoryPage.newCategoryDisplayedValidation(AddCategoryPage.java:37)
at page.AddCategoryPage.newCategoryDisplayedValidation(AddCategoryPage.java:37)
at page.AddCategoryPage.newCategoryDisplayedValidation(AddCategoryPage.java:37)
at page.AddCategoryPage.newCategoryDisplayedValidation(AddCategoryPage.java:37)
at page.AddCategoryPage.newCategoryDisplayedValidation(AddCategoryPage.java:37)
at page.AddCategoryPage.newCategoryDisplayedValidation(AddCategoryPage.java:37)
]]>
    </error>
  </testcase> <!-- whenUserAddsNewCategoryItShouldBeDisplayed -->
</testsuite> <!-- test.AddCategoryTest -->
